0 verbose cli /home/criesinvain/.nvm/versions/node/v20.6.1/bin/node /home/criesinvain/.nvm/versions/node/v20.6.1/bin/npm
1 info using npm@9.8.1
2 info using node@v20.6.1
3 timing npm:load:whichnode Completed in 1ms
4 timing config:load:defaults Completed in 1ms
5 timing config:load:file:/home/criesinvain/.nvm/versions/node/v20.6.1/lib/node_modules/npm/npmrc Completed in 1ms
6 timing config:load:builtin Completed in 1ms
7 timing config:load:cli Completed in 1ms
8 timing config:load:env Completed in 1ms
9 timing config:load:file:/mnt/c/Users/Sergay/Desktop/.npmrc Completed in 1ms
10 timing config:load:project Completed in 5ms
11 timing config:load:file:/home/criesinvain/.npmrc Completed in 0ms
12 timing config:load:user Completed in 0ms
13 timing config:load:file:/home/criesinvain/.nvm/versions/node/v20.6.1/etc/npmrc Completed in 0ms
14 timing config:load:global Completed in 0ms
15 timing config:load:setEnvs Completed in 1ms
16 timing config:load Completed in 10ms
17 timing npm:load:configload Completed in 11ms
18 timing config:load:flatten Completed in 2ms
19 timing npm:load:mkdirpcache Completed in 0ms
20 timing npm:load:mkdirplogs Completed in 0ms
21 verbose title npm install node-telegram-bot-api
22 verbose argv "install" "node-telegram-bot-api"
23 timing npm:load:setTitle Completed in 1ms
24 timing npm:load:display Completed in 0ms
25 verbose logfile logs-max:10 dir:/home/criesinvain/.npm/_logs/2023-09-13T22_34_50_094Z-
26 verbose logfile /home/criesinvain/.npm/_logs/2023-09-13T22_34_50_094Z-debug-0.log
27 timing npm:load:logFile Completed in 6ms
28 timing npm:load:timers Completed in 0ms
29 timing npm:load:configScope Completed in 0ms
30 timing npm:load Completed in 31ms
31 timing config:load:flatten Completed in 0ms
32 timing arborist:ctor Completed in 1ms
33 silly logfile done cleaning log files
34 timing arborist:ctor Completed in 0ms
35 timing idealTree:init Completed in 9ms
36 timing idealTree:userRequests Completed in 3ms
37 silly idealTree buildDeps
38 silly fetch manifest node-telegram-bot-api@*
39 http fetch GET 200 https://registry.npmjs.org/node-telegram-bot-api 1985ms (cache revalidated)
40 silly placeDep ROOT node-telegram-bot-api@0.63.0 OK for:  want: *
41 silly fetch manifest array.prototype.findindex@^2.0.2
42 silly fetch manifest bl@^1.2.3
43 silly fetch manifest debug@^3.2.7
44 silly fetch manifest eventemitter3@^3.0.0
45 silly fetch manifest file-type@^3.9.0
46 silly fetch manifest mime@^1.6.0
47 silly fetch manifest pump@^2.0.0
48 silly fetch manifest request@^2.83.0
49 silly fetch manifest request-promise@^4.2.2
50 http fetch GET 200 https://registry.npmjs.org/array.prototype.findindex 678ms (cache revalidated)
51 http fetch GET 200 https://registry.npmjs.org/pump 1073ms (cache revalidated)
52 http fetch GET 200 https://registry.npmjs.org/mime 1074ms (cache revalidated)
53 http fetch GET 200 https://registry.npmjs.org/bl 1077ms (cache revalidated)
54 http fetch GET 200 https://registry.npmjs.org/debug 1077ms (cache revalidated)
55 http fetch GET 200 https://registry.npmjs.org/file-type 1077ms (cache revalidated)
56 http fetch GET 200 https://registry.npmjs.org/request 1078ms (cache revalidated)
57 http fetch GET 200 https://registry.npmjs.org/eventemitter3 1186ms (cache revalidated)
58 http fetch GET 200 https://registry.npmjs.org/request-promise 1346ms (cache revalidated)
59 timing idealTree:#root Completed in 3343ms
60 silly placeDep ROOT array.prototype.findindex@2.2.2 OK for: node-telegram-bot-api@0.63.0 want: ^2.0.2
61 silly fetch manifest call-bind@^1.0.2
62 silly fetch manifest define-properties@^1.2.0
63 silly fetch manifest es-abstract@^1.22.1
64 silly fetch manifest es-shim-unscopables@^1.0.0
65 silly placeDep ROOT bl@1.2.3 OK for: node-telegram-bot-api@0.63.0 want: ^1.2.3
66 silly fetch manifest readable-stream@^2.3.5
67 silly fetch manifest safe-buffer@^5.1.1
68 silly placeDep ROOT debug@3.2.7 OK for: node-telegram-bot-api@0.63.0 want: ^3.2.7
69 silly fetch manifest ms@^2.1.1
70 silly placeDep ROOT eventemitter3@3.1.2 OK for: node-telegram-bot-api@0.63.0 want: ^3.0.0
71 silly placeDep ROOT file-type@3.9.0 OK for: node-telegram-bot-api@0.63.0 want: ^3.9.0
72 silly placeDep ROOT mime@1.6.0 OK for: node-telegram-bot-api@0.63.0 want: ^1.6.0
73 silly placeDep ROOT pump@2.0.1 OK for: node-telegram-bot-api@0.63.0 want: ^2.0.0
74 silly fetch manifest end-of-stream@^1.1.0
75 silly fetch manifest once@^1.3.1
76 silly placeDep ROOT request@2.88.2 OK for: node-telegram-bot-api@0.63.0 want: ^2.83.0
77 silly fetch manifest aws-sign2@~0.7.0
78 silly fetch manifest aws4@^1.8.0
79 silly fetch manifest caseless@~0.12.0
80 silly fetch manifest combined-stream@~1.0.6
81 silly fetch manifest extend@~3.0.2
82 silly fetch manifest forever-agent@~0.6.1
83 silly fetch manifest form-data@~2.3.2
84 silly fetch manifest har-validator@~5.1.3
85 silly fetch manifest http-signature@~1.2.0
86 silly fetch manifest is-typedarray@~1.0.0
87 silly fetch manifest isstream@~0.1.2
88 silly fetch manifest json-stringify-safe@~5.0.1
89 silly fetch manifest mime-types@~2.1.19
90 silly fetch manifest oauth-sign@~0.9.0
91 silly fetch manifest performance-now@^2.1.0
92 silly fetch manifest qs@~6.5.2
93 silly fetch manifest safe-buffer@^5.1.2
94 silly fetch manifest tough-cookie@~2.5.0
95 silly fetch manifest tunnel-agent@^0.6.0
96 silly fetch manifest uuid@^3.3.2
97 silly placeDep ROOT request-promise@4.2.6 OK for: node-telegram-bot-api@0.63.0 want: ^4.2.2
98 silly fetch manifest request-promise-core@1.1.4
99 silly fetch manifest bluebird@^3.5.0
100 silly fetch manifest stealthy-require@^1.1.1
101 silly fetch manifest tough-cookie@^2.3.3
102 http fetch GET 200 https://registry.npmjs.org/call-bind 258ms (cache revalidated)
103 http fetch GET 200 https://registry.npmjs.org/ms 256ms (cache revalidated)
104 http fetch GET 200 https://registry.npmjs.org/define-properties 259ms (cache revalidated)
105 http fetch GET 200 https://registry.npmjs.org/es-abstract 260ms (cache revalidated)
106 http fetch GET 200 https://registry.npmjs.org/once 254ms (cache revalidated)
107 http fetch GET 200 https://registry.npmjs.org/aws-sign2 254ms (cache revalidated)
108 http fetch GET 200 https://registry.npmjs.org/end-of-stream 403ms (cache revalidated)
109 http fetch GET 200 https://registry.npmjs.org/forever-agent 400ms (cache revalidated)
110 http fetch GET 200 https://registry.npmjs.org/safe-buffer 566ms (cache revalidated)
111 http fetch GET 200 https://registry.npmjs.org/qs 551ms (cache revalidated)
112 http fetch GET 200 https://registry.npmjs.org/json-stringify-safe 557ms (cache revalidated)
113 http fetch GET 200 https://registry.npmjs.org/mime-types 557ms (cache revalidated)
114 http fetch GET 200 https://registry.npmjs.org/es-shim-unscopables 571ms (cache revalidated)
115 http fetch GET 200 https://registry.npmjs.org/isstream 559ms (cache revalidated)
116 http fetch GET 200 https://registry.npmjs.org/safe-buffer 673ms (cache revalidated)
117 http fetch GET 200 https://registry.npmjs.org/uuid 672ms (cache revalidated)
118 http fetch GET 200 https://registry.npmjs.org/tough-cookie 674ms (cache revalidated)
119 http fetch GET 200 https://registry.npmjs.org/stealthy-require 850ms (cache revalidated)
120 http fetch GET 200 https://registry.npmjs.org/bluebird 852ms (cache revalidated)
121 http fetch GET 200 https://registry.npmjs.org/aws4 867ms (cache revalidated)
122 http fetch GET 200 https://registry.npmjs.org/oauth-sign 860ms (cache revalidated)
123 http fetch GET 200 https://registry.npmjs.org/tunnel-agent 857ms (cache revalidated)
124 http fetch GET 200 https://registry.npmjs.org/readable-stream 874ms (cache revalidated)
125 http fetch GET 200 https://registry.npmjs.org/performance-now 879ms (cache revalidated)
126 http fetch GET 200 https://registry.npmjs.org/tough-cookie 873ms (cache revalidated)
127 http fetch GET 200 https://registry.npmjs.org/request-promise-core 875ms (cache revalidated)
128 http fetch GET 200 https://registry.npmjs.org/caseless 1047ms (cache revalidated)
129 http fetch GET 200 https://registry.npmjs.org/combined-stream 1207ms (cache revalidated)
130 http fetch GET 200 https://registry.npmjs.org/form-data 1391ms (cache revalidated)
131 http fetch GET 200 https://registry.npmjs.org/har-validator 1392ms (cache revalidated)
132 http fetch GET 200 https://registry.npmjs.org/extend 1574ms (cache revalidated)
133 http fetch GET 200 https://registry.npmjs.org/is-typedarray 1787ms (cache revalidated)
134 http fetch GET 200 https://registry.npmjs.org/http-signature 1787ms (cache revalidated)
135 timing idealTree:node_modules/node-telegram-bot-api Completed in 1805ms
136 silly placeDep ROOT call-bind@1.0.2 OK for: array.prototype.findindex@2.2.2 want: ^1.0.2
137 silly fetch manifest function-bind@^1.1.1
138 silly fetch manifest get-intrinsic@^1.0.2
139 silly placeDep ROOT define-properties@1.2.1 OK for: array.prototype.findindex@2.2.2 want: ^1.2.0
140 silly fetch manifest define-data-property@^1.0.1
141 silly fetch manifest has-property-descriptors@^1.0.0
142 silly fetch manifest object-keys@^1.1.1
143 silly placeDep ROOT es-abstract@1.22.1 OK for: array.prototype.findindex@2.2.2 want: ^1.22.1
144 silly fetch manifest array-buffer-byte-length@^1.0.0
145 silly fetch manifest arraybuffer.prototype.slice@^1.0.1
146 silly fetch manifest available-typed-arrays@^1.0.5
147 silly fetch manifest es-set-tostringtag@^2.0.1
148 silly fetch manifest es-to-primitive@^1.2.1
149 silly fetch manifest function.prototype.name@^1.1.5
150 silly fetch manifest get-intrinsic@^1.2.1
151 silly fetch manifest get-symbol-description@^1.0.0
152 silly fetch manifest globalthis@^1.0.3
153 silly fetch manifest gopd@^1.0.1
154 silly fetch manifest has@^1.0.3
155 silly fetch manifest has-proto@^1.0.1
156 silly fetch manifest has-symbols@^1.0.3
157 silly fetch manifest internal-slot@^1.0.5
158 silly fetch manifest is-array-buffer@^3.0.2
159 silly fetch manifest is-callable@^1.2.7
160 silly fetch manifest is-negative-zero@^2.0.2
161 silly fetch manifest is-regex@^1.1.4
162 silly fetch manifest is-shared-array-buffer@^1.0.2
163 silly fetch manifest is-string@^1.0.7
164 silly fetch manifest is-typed-array@^1.1.10
165 silly fetch manifest is-weakref@^1.0.2
166 silly fetch manifest object-inspect@^1.12.3
167 silly fetch manifest object.assign@^4.1.4
168 silly fetch manifest regexp.prototype.flags@^1.5.0
169 silly fetch manifest safe-array-concat@^1.0.0
170 silly fetch manifest safe-regex-test@^1.0.0
171 silly fetch manifest string.prototype.trim@^1.2.7
172 silly fetch manifest string.prototype.trimend@^1.0.6
173 silly fetch manifest string.prototype.trimstart@^1.0.6
174 silly fetch manifest typed-array-buffer@^1.0.0
175 silly fetch manifest typed-array-byte-length@^1.0.0
176 silly fetch manifest typed-array-byte-offset@^1.0.0
177 silly fetch manifest typed-array-length@^1.0.4
178 silly fetch manifest unbox-primitive@^1.0.2
179 silly fetch manifest which-typed-array@^1.1.10
180 silly placeDep ROOT es-shim-unscopables@1.0.0 OK for: array.prototype.findindex@2.2.2 want: ^1.0.0
181 http fetch GET 200 https://registry.npmjs.org/define-data-property 252ms (cache revalidated)
182 http fetch GET 200 https://registry.npmjs.org/has-symbols 245ms (cache revalidated)
183 http fetch GET 200 https://registry.npmjs.org/has-proto 246ms (cache revalidated)
184 http fetch GET 200 https://registry.npmjs.org/is-array-buffer 245ms (cache revalidated)
185 http fetch GET 200 https://registry.npmjs.org/es-to-primitive 250ms (cache revalidated)
186 http fetch GET 200 https://registry.npmjs.org/array-buffer-byte-length 252ms (cache revalidated)
187 http fetch GET 200 https://registry.npmjs.org/es-set-tostringtag 253ms (cache revalidated)
188 http fetch GET 200 https://registry.npmjs.org/arraybuffer.prototype.slice 254ms (cache revalidated)
189 http fetch GET 200 https://registry.npmjs.org/globalthis 252ms (cache revalidated)
190 http fetch GET 200 https://registry.npmjs.org/function-bind 259ms (cache revalidated)
191 http fetch GET 200 https://registry.npmjs.org/object-keys 260ms (cache revalidated)
192 http fetch GET 200 https://registry.npmjs.org/gopd 256ms (cache revalidated)
193 http fetch GET 200 https://registry.npmjs.org/internal-slot 254ms (cache revalidated)
194 http fetch GET 200 https://registry.npmjs.org/available-typed-arrays 401ms (cache revalidated)
195 http fetch GET 200 https://registry.npmjs.org/function.prototype.name 399ms (cache revalidated)
196 http fetch GET 200 https://registry.npmjs.org/has 432ms (cache revalidated)
197 http fetch GET 200 https://registry.npmjs.org/is-negative-zero 430ms (cache revalidated)
198 http fetch GET 200 https://registry.npmjs.org/get-intrinsic 441ms (cache revalidated)
199 http fetch GET 200 https://registry.npmjs.org/is-shared-array-buffer 430ms (cache revalidated)
200 http fetch GET 200 https://registry.npmjs.org/has-property-descriptors 440ms (cache revalidated)
201 http fetch GET 200 https://registry.npmjs.org/is-regex 431ms (cache revalidated)
202 http fetch GET 200 https://registry.npmjs.org/is-typed-array 437ms (cache revalidated)
203 http fetch GET 200 https://registry.npmjs.org/is-weakref 438ms (cache revalidated)
204 http fetch GET 200 https://registry.npmjs.org/get-intrinsic 445ms (cache revalidated)
205 http fetch GET 200 https://registry.npmjs.org/is-callable 442ms (cache revalidated)
206 http fetch GET 200 https://registry.npmjs.org/is-string 558ms (cache revalidated)
207 http fetch GET 200 https://registry.npmjs.org/object-inspect 556ms (cache revalidated)
208 http fetch GET 200 https://registry.npmjs.org/object.assign 624ms (cache revalidated)
209 http fetch GET 200 https://registry.npmjs.org/safe-array-concat 624ms (cache revalidated)
210 http fetch GET 200 https://registry.npmjs.org/regexp.prototype.flags 624ms (cache revalidated)
211 http fetch GET 200 https://registry.npmjs.org/string.prototype.trim 623ms (cache revalidated)
212 http fetch GET 200 https://registry.npmjs.org/typed-array-byte-offset 618ms (cache revalidated)
213 http fetch GET 200 https://registry.npmjs.org/string.prototype.trimstart 623ms (cache revalidated)
214 http fetch GET 200 https://registry.npmjs.org/typed-array-byte-length 689ms (cache revalidated)
215 http fetch GET 200 https://registry.npmjs.org/safe-regex-test 694ms (cache revalidated)
216 http fetch GET 200 https://registry.npmjs.org/string.prototype.trimend 693ms (cache revalidated)
217 http fetch GET 200 https://registry.npmjs.org/typed-array-length 689ms (cache revalidated)
218 http fetch GET 200 https://registry.npmjs.org/which-typed-array 871ms (cache revalidated)
219 http fetch GET 200 https://registry.npmjs.org/get-symbol-description 888ms (cache revalidated)
220 http fetch GET 200 https://registry.npmjs.org/typed-array-buffer 877ms (cache revalidated)
221 http fetch GET 200 https://registry.npmjs.org/unbox-primitive 872ms (cache revalidated)
222 timing idealTree:node_modules/array.prototype.findindex Completed in 899ms
223 silly placeDep ROOT readable-stream@2.3.8 OK for: bl@1.2.3 want: ^2.3.5
224 silly fetch manifest core-util-is@~1.0.0
225 silly fetch manifest inherits@~2.0.3
226 silly fetch manifest isarray@~1.0.0
227 silly fetch manifest process-nextick-args@~2.0.0
228 silly fetch manifest safe-buffer@~5.1.1
229 silly fetch manifest string_decoder@~1.1.1
230 silly fetch manifest util-deprecate@~1.0.1
231 silly placeDep ROOT safe-buffer@5.2.1 OK for: bl@1.2.3 want: ^5.1.1
232 http fetch GET 200 https://registry.npmjs.org/core-util-is 372ms (cache revalidated)
233 http fetch GET 200 https://registry.npmjs.org/process-nextick-args 370ms (cache revalidated)
234 http fetch GET 200 https://registry.npmjs.org/isarray 372ms (cache revalidated)
235 http fetch GET 200 https://registry.npmjs.org/string_decoder 370ms (cache revalidated)
236 http fetch GET 200 https://registry.npmjs.org/inherits 372ms (cache revalidated)
237 http fetch GET 200 https://registry.npmjs.org/util-deprecate 371ms (cache revalidated)
238 timing idealTree:node_modules/bl Completed in 375ms
239 silly placeDep ROOT function-bind@1.1.1 OK for: call-bind@1.0.2 want: ^1.1.1
240 silly placeDep ROOT get-intrinsic@1.2.1 OK for: call-bind@1.0.2 want: ^1.0.2
241 timing idealTree:node_modules/call-bind Completed in 2ms
242 silly placeDep ROOT ms@2.1.3 OK for: debug@3.2.7 want: ^2.1.1
243 timing idealTree:node_modules/debug Completed in 1ms
244 silly placeDep ROOT define-data-property@1.1.0 OK for: define-properties@1.2.1 want: ^1.0.1
245 silly placeDep ROOT has-property-descriptors@1.0.0 OK for: define-properties@1.2.1 want: ^1.0.0
246 silly placeDep ROOT object-keys@1.1.1 OK for: define-properties@1.2.1 want: ^1.1.1
247 timing idealTree:node_modules/define-properties Completed in 2ms
248 silly placeDep ROOT gopd@1.0.1 OK for: define-data-property@1.1.0 want: ^1.0.1
249 timing idealTree:node_modules/define-data-property Completed in 1ms
250 silly placeDep ROOT array-buffer-byte-length@1.0.0 OK for: es-abstract@1.22.1 want: ^1.0.0
251 silly fetch manifest is-array-buffer@^3.0.1
252 silly placeDep ROOT arraybuffer.prototype.slice@1.0.2 OK for: es-abstract@1.22.1 want: ^1.0.1
253 silly placeDep ROOT available-typed-arrays@1.0.5 OK for: es-abstract@1.22.1 want: ^1.0.5
254 silly placeDep ROOT es-set-tostringtag@2.0.1 OK for: es-abstract@1.22.1 want: ^2.0.1
255 silly fetch manifest has-tostringtag@^1.0.0
256 silly placeDep ROOT es-to-primitive@1.2.1 OK for: es-abstract@1.22.1 want: ^1.2.1
257 silly fetch manifest is-callable@^1.1.4
258 silly fetch manifest is-date-object@^1.0.1
259 silly fetch manifest is-symbol@^1.0.2
260 silly placeDep ROOT function.prototype.name@1.1.6 OK for: es-abstract@1.22.1 want: ^1.1.5
261 silly fetch manifest functions-have-names@^1.2.3
262 silly placeDep ROOT get-symbol-description@1.0.0 OK for: es-abstract@1.22.1 want: ^1.0.0
263 silly placeDep ROOT globalthis@1.0.3 OK for: es-abstract@1.22.1 want: ^1.0.3
264 silly placeDep ROOT has@1.0.3 OK for: es-abstract@1.22.1 want: ^1.0.3
265 silly placeDep ROOT has-proto@1.0.1 OK for: es-abstract@1.22.1 want: ^1.0.1
266 silly placeDep ROOT has-symbols@1.0.3 OK for: es-abstract@1.22.1 want: ^1.0.3
267 silly placeDep ROOT internal-slot@1.0.5 OK for: es-abstract@1.22.1 want: ^1.0.5
268 silly fetch manifest side-channel@^1.0.4
269 silly placeDep ROOT is-array-buffer@3.0.2 OK for: es-abstract@1.22.1 want: ^3.0.2
270 silly placeDep ROOT is-callable@1.2.7 OK for: es-abstract@1.22.1 want: ^1.2.7
271 silly placeDep ROOT is-negative-zero@2.0.2 OK for: es-abstract@1.22.1 want: ^2.0.2
272 silly placeDep ROOT is-regex@1.1.4 OK for: es-abstract@1.22.1 want: ^1.1.4
273 silly placeDep ROOT is-shared-array-buffer@1.0.2 OK for: es-abstract@1.22.1 want: ^1.0.2
274 silly placeDep ROOT is-string@1.0.7 OK for: es-abstract@1.22.1 want: ^1.0.7
275 silly placeDep ROOT is-typed-array@1.1.12 OK for: es-abstract@1.22.1 want: ^1.1.10
276 silly fetch manifest which-typed-array@^1.1.11
277 silly placeDep ROOT is-weakref@1.0.2 OK for: es-abstract@1.22.1 want: ^1.0.2
278 silly placeDep ROOT object-inspect@1.12.3 OK for: es-abstract@1.22.1 want: ^1.12.3
279 silly placeDep ROOT object.assign@4.1.4 OK for: es-abstract@1.22.1 want: ^4.1.4
280 silly placeDep ROOT regexp.prototype.flags@1.5.1 OK for: es-abstract@1.22.1 want: ^1.5.0
281 silly fetch manifest set-function-name@^2.0.0
282 silly placeDep ROOT safe-array-concat@1.0.1 OK for: es-abstract@1.22.1 want: ^1.0.0
283 silly fetch manifest isarray@^2.0.5
284 silly placeDep ROOT safe-regex-test@1.0.0 OK for: es-abstract@1.22.1 want: ^1.0.0
285 silly placeDep ROOT string.prototype.trim@1.2.8 OK for: es-abstract@1.22.1 want: ^1.2.7
286 silly placeDep ROOT string.prototype.trimend@1.0.7 OK for: es-abstract@1.22.1 want: ^1.0.6
287 silly placeDep ROOT string.prototype.trimstart@1.0.7 OK for: es-abstract@1.22.1 want: ^1.0.6
288 silly placeDep ROOT typed-array-buffer@1.0.0 OK for: es-abstract@1.22.1 want: ^1.0.0
289 silly placeDep ROOT typed-array-byte-length@1.0.0 OK for: es-abstract@1.22.1 want: ^1.0.0
290 silly fetch manifest for-each@^0.3.3
291 silly placeDep ROOT typed-array-byte-offset@1.0.0 OK for: es-abstract@1.22.1 want: ^1.0.0
292 silly placeDep ROOT typed-array-length@1.0.4 OK for: es-abstract@1.22.1 want: ^1.0.4
293 silly placeDep ROOT unbox-primitive@1.0.2 OK for: es-abstract@1.22.1 want: ^1.0.2
294 silly fetch manifest has-bigints@^1.0.2
295 silly fetch manifest which-boxed-primitive@^1.0.2
296 silly placeDep ROOT which-typed-array@1.1.11 OK for: es-abstract@1.22.1 want: ^1.1.10
297 http fetch GET 200 https://registry.npmjs.org/for-each 201ms (cache revalidated)
298 http fetch GET 200 https://registry.npmjs.org/side-channel 238ms (cache revalidated)
299 http fetch GET 200 https://registry.npmjs.org/functions-have-names 242ms (cache revalidated)
300 http fetch GET 200 https://registry.npmjs.org/is-date-object 245ms (cache revalidated)
301 http fetch GET 200 https://registry.npmjs.org/is-symbol 244ms (cache revalidated)
302 http fetch GET 200 https://registry.npmjs.org/has-bigints 224ms (cache revalidated)
303 http fetch GET 200 https://registry.npmjs.org/set-function-name 233ms (cache revalidated)
304 http fetch GET 200 https://registry.npmjs.org/which-boxed-primitive 358ms (cache revalidated)
305 http fetch GET 200 https://registry.npmjs.org/has-tostringtag 381ms (cache revalidated)
306 timing idealTree:node_modules/es-abstract Completed in 393ms
307 timing idealTree:node_modules/array-buffer-byte-length Completed in 0ms
308 timing idealTree:node_modules/arraybuffer.prototype.slice Completed in 0ms
309 timing idealTree:node_modules/available-typed-arrays Completed in 0ms
310 silly placeDep ROOT has-tostringtag@1.0.0 OK for: es-set-tostringtag@2.0.1 want: ^1.0.0
311 timing idealTree:node_modules/es-set-tostringtag Completed in 1ms
312 timing idealTree:node_modules/es-shim-unscopables Completed in 0ms
313 silly placeDep ROOT is-date-object@1.0.5 OK for: es-to-primitive@1.2.1 want: ^1.0.1
314 silly placeDep ROOT is-symbol@1.0.4 OK for: es-to-primitive@1.2.1 want: ^1.0.2
315 timing idealTree:node_modules/es-to-primitive Completed in 1ms
316 timing idealTree:node_modules/eventemitter3 Completed in 0ms
317 timing idealTree:node_modules/file-type Completed in 0ms
318 timing idealTree:node_modules/function-bind Completed in 0ms
319 silly placeDep ROOT functions-have-names@1.2.3 OK for: function.prototype.name@1.1.6 want: ^1.2.3
320 timing idealTree:node_modules/function.prototype.name Completed in 1ms
321 timing idealTree:node_modules/functions-have-names Completed in 0ms
322 timing idealTree:node_modules/get-intrinsic Completed in 0ms
323 timing idealTree:node_modules/get-symbol-description Completed in 0ms
324 timing idealTree:node_modules/globalthis Completed in 0ms
325 timing idealTree:node_modules/gopd Completed in 0ms
326 timing idealTree:node_modules/has Completed in 0ms
327 timing idealTree:node_modules/has-property-descriptors Completed in 0ms
328 timing idealTree:node_modules/has-proto Completed in 0ms
329 timing idealTree:node_modules/has-symbols Completed in 0ms
330 timing idealTree:node_modules/has-tostringtag Completed in 0ms
331 silly placeDep ROOT side-channel@1.0.4 OK for: internal-slot@1.0.5 want: ^1.0.4
332 timing idealTree:node_modules/internal-slot Completed in 1ms
333 timing idealTree:node_modules/is-array-buffer Completed in 0ms
334 timing idealTree:node_modules/is-callable Completed in 0ms
335 timing idealTree:node_modules/is-date-object Completed in 0ms
336 timing idealTree:node_modules/is-negative-zero Completed in 0ms
337 timing idealTree:node_modules/is-regex Completed in 0ms
338 timing idealTree:node_modules/is-shared-array-buffer Completed in 0ms
339 timing idealTree:node_modules/is-string Completed in 0ms
340 timing idealTree:node_modules/is-symbol Completed in 0ms
341 timing idealTree:node_modules/is-typed-array Completed in 0ms
342 timing idealTree:node_modules/is-weakref Completed in 0ms
343 timing idealTree:node_modules/mime Completed in 0ms
344 timing idealTree:node_modules/ms Completed in 0ms
345 timing idealTree:node_modules/object-inspect Completed in 0ms
346 timing idealTree:node_modules/object-keys Completed in 0ms
347 timing idealTree:node_modules/object.assign Completed in 0ms
348 silly placeDep ROOT end-of-stream@1.4.4 OK for: pump@2.0.1 want: ^1.1.0
349 silly fetch manifest once@^1.4.0
350 silly placeDep ROOT once@1.4.0 OK for: pump@2.0.1 want: ^1.3.1
351 silly fetch manifest wrappy@1
352 http fetch GET 200 https://registry.npmjs.org/wrappy 357ms (cache revalidated)
353 timing idealTree:node_modules/pump Completed in 359ms
354 timing idealTree:node_modules/end-of-stream Completed in 0ms
355 silly placeDep ROOT wrappy@1.0.2 OK for: once@1.4.0 want: 1
356 timing idealTree:node_modules/once Completed in 1ms
357 silly placeDep ROOT core-util-is@1.0.3 OK for: readable-stream@2.3.8 want: ~1.0.0
358 silly placeDep ROOT inherits@2.0.4 OK for: readable-stream@2.3.8 want: ~2.0.3
359 silly placeDep ROOT isarray@1.0.0 OK for: readable-stream@2.3.8 want: ~1.0.0
360 silly placeDep ROOT process-nextick-args@2.0.1 OK for: readable-stream@2.3.8 want: ~2.0.0
361 silly placeDep node_modules/readable-stream safe-buffer@5.1.2 OK for: readable-stream@2.3.8 want: ~5.1.1
362 silly placeDep ROOT string_decoder@1.1.1 OK for: readable-stream@2.3.8 want: ~1.1.1
363 silly fetch manifest safe-buffer@~5.1.0
364 silly placeDep ROOT util-deprecate@1.0.2 OK for: readable-stream@2.3.8 want: ~1.0.1
365 timing idealTree:node_modules/readable-stream Completed in 5ms
366 timing idealTree:node_modules/core-util-is Completed in 0ms
367 timing idealTree:node_modules/inherits Completed in 0ms
368 timing idealTree:node_modules/isarray Completed in 0ms
369 timing idealTree:node_modules/process-nextick-args Completed in 0ms
370 silly placeDep ROOT set-function-name@2.0.1 OK for: regexp.prototype.flags@1.5.1 want: ^2.0.0
371 timing idealTree:node_modules/regexp.prototype.flags Completed in 1ms
372 silly placeDep ROOT aws-sign2@0.7.0 OK for: request@2.88.2 want: ~0.7.0
373 silly placeDep ROOT aws4@1.12.0 OK for: request@2.88.2 want: ^1.8.0
374 silly placeDep ROOT caseless@0.12.0 OK for: request@2.88.2 want: ~0.12.0
375 silly placeDep ROOT combined-stream@1.0.8 OK for: request@2.88.2 want: ~1.0.6
376 silly fetch manifest delayed-stream@~1.0.0
377 silly placeDep ROOT extend@3.0.2 OK for: request@2.88.2 want: ~3.0.2
378 silly placeDep ROOT forever-agent@0.6.1 OK for: request@2.88.2 want: ~0.6.1
379 silly placeDep ROOT form-data@2.3.3 OK for: request@2.88.2 want: ~2.3.2
380 silly fetch manifest asynckit@^0.4.0
381 silly fetch manifest mime-types@^2.1.12
382 silly placeDep ROOT har-validator@5.1.5 OK for: request@2.88.2 want: ~5.1.3
383 silly fetch manifest ajv@^6.12.3
384 silly fetch manifest har-schema@^2.0.0
385 silly placeDep ROOT http-signature@1.2.0 OK for: request@2.88.2 want: ~1.2.0
386 silly fetch manifest assert-plus@^1.0.0
387 silly fetch manifest jsprim@^1.2.2
388 silly fetch manifest sshpk@^1.7.0
389 silly placeDep ROOT is-typedarray@1.0.0 OK for: request@2.88.2 want: ~1.0.0
390 silly placeDep ROOT isstream@0.1.2 OK for: request@2.88.2 want: ~0.1.2
391 silly placeDep ROOT json-stringify-safe@5.0.1 OK for: request@2.88.2 want: ~5.0.1
392 silly placeDep ROOT mime-types@2.1.35 OK for: request@2.88.2 want: ~2.1.19
393 silly fetch manifest mime-db@1.52.0
394 silly placeDep ROOT oauth-sign@0.9.0 OK for: request@2.88.2 want: ~0.9.0
395 silly placeDep ROOT performance-now@2.1.0 OK for: request@2.88.2 want: ^2.1.0
396 silly placeDep ROOT qs@6.5.3 OK for: request@2.88.2 want: ~6.5.2
397 silly placeDep ROOT tough-cookie@2.5.0 OK for: request@2.88.2 want: ~2.5.0
398 silly fetch manifest psl@^1.1.28
399 silly fetch manifest punycode@^2.1.1
400 silly placeDep ROOT tunnel-agent@0.6.0 OK for: request@2.88.2 want: ^0.6.0
401 silly placeDep ROOT uuid@3.4.0 OK for: request@2.88.2 want: ^3.3.2
402 http fetch GET 200 https://registry.npmjs.org/asynckit 214ms (cache revalidated)
403 http fetch GET 200 https://registry.npmjs.org/sshpk 208ms (cache revalidated)
404 http fetch GET 200 https://registry.npmjs.org/ajv 215ms (cache revalidated)
405 http fetch GET 200 https://registry.npmjs.org/jsprim 217ms (cache revalidated)
406 http fetch GET 200 https://registry.npmjs.org/delayed-stream 223ms (cache revalidated)
407 http fetch GET 200 https://registry.npmjs.org/mime-db 212ms (cache revalidated)
408 http fetch GET 200 https://registry.npmjs.org/assert-plus 368ms (cache revalidated)
409 http fetch GET 200 https://registry.npmjs.org/har-schema 370ms (cache revalidated)
410 http fetch GET 200 https://registry.npmjs.org/psl 361ms (cache revalidated)
411 http fetch GET 200 https://registry.npmjs.org/punycode 361ms (cache revalidated)
412 timing idealTree:node_modules/request Completed in 383ms
413 timing idealTree:node_modules/aws-sign2 Completed in 0ms
414 timing idealTree:node_modules/aws4 Completed in 0ms
415 timing idealTree:node_modules/caseless Completed in 0ms
416 silly placeDep ROOT delayed-stream@1.0.0 OK for: combined-stream@1.0.8 want: ~1.0.0
417 timing idealTree:node_modules/combined-stream Completed in 1ms
418 timing idealTree:node_modules/delayed-stream Completed in 0ms
419 timing idealTree:node_modules/extend Completed in 0ms
420 timing idealTree:node_modules/forever-agent Completed in 0ms
421 silly placeDep ROOT asynckit@0.4.0 OK for: form-data@2.3.3 want: ^0.4.0
422 timing idealTree:node_modules/form-data Completed in 1ms
423 timing idealTree:node_modules/asynckit Completed in 0ms
424 silly placeDep ROOT ajv@6.12.6 OK for: har-validator@5.1.5 want: ^6.12.3
425 silly fetch manifest fast-deep-equal@^3.1.1
426 silly fetch manifest fast-json-stable-stringify@^2.0.0
427 silly fetch manifest json-schema-traverse@^0.4.1
428 silly fetch manifest uri-js@^4.2.2
429 silly placeDep ROOT har-schema@2.0.0 OK for: har-validator@5.1.5 want: ^2.0.0
430 http fetch GET 200 https://registry.npmjs.org/json-schema-traverse 333ms (cache revalidated)
431 http fetch GET 200 https://registry.npmjs.org/fast-json-stable-stringify 333ms (cache revalidated)
432 http fetch GET 200 https://registry.npmjs.org/uri-js 333ms (cache revalidated)
433 http fetch GET 200 https://registry.npmjs.org/fast-deep-equal 335ms (cache revalidated)
434 timing idealTree:node_modules/har-validator Completed in 336ms
435 silly placeDep ROOT fast-deep-equal@3.1.3 OK for: ajv@6.12.6 want: ^3.1.1
436 silly placeDep ROOT fast-json-stable-stringify@2.1.0 OK for: ajv@6.12.6 want: ^2.0.0
437 silly placeDep ROOT json-schema-traverse@0.4.1 OK for: ajv@6.12.6 want: ^0.4.1
438 silly placeDep ROOT uri-js@4.4.1 OK for: ajv@6.12.6 want: ^4.2.2
439 silly fetch manifest punycode@^2.1.0
440 timing idealTree:node_modules/ajv Completed in 3ms
441 timing idealTree:node_modules/fast-deep-equal Completed in 0ms
442 timing idealTree:node_modules/fast-json-stable-stringify Completed in 0ms
443 timing idealTree:node_modules/har-schema Completed in 0ms
444 silly placeDep ROOT assert-plus@1.0.0 OK for: http-signature@1.2.0 want: ^1.0.0
445 silly placeDep ROOT jsprim@1.4.2 OK for: http-signature@1.2.0 want: ^1.2.2
446 silly fetch manifest extsprintf@1.3.0
447 silly fetch manifest json-schema@0.4.0
448 silly fetch manifest verror@1.10.0
449 silly placeDep ROOT sshpk@1.17.0 OK for: http-signature@1.2.0 want: ^1.7.0
450 silly fetch manifest asn1@~0.2.3
451 silly fetch manifest dashdash@^1.12.0
452 silly fetch manifest getpass@^0.1.1
453 silly fetch manifest safer-buffer@^2.0.2
454 silly fetch manifest jsbn@~0.1.0
455 silly fetch manifest tweetnacl@~0.14.0
456 silly fetch manifest ecc-jsbn@~0.1.1
457 silly fetch manifest bcrypt-pbkdf@^1.0.0
458 http fetch GET 200 https://registry.npmjs.org/asn1 202ms (cache revalidated)
459 http fetch GET 200 https://registry.npmjs.org/dashdash 225ms (cache revalidated)
460 http fetch GET 200 https://registry.npmjs.org/extsprintf 228ms (cache revalidated)
461 http fetch GET 200 https://registry.npmjs.org/tweetnacl 224ms (cache revalidated)
462 http fetch GET 200 https://registry.npmjs.org/verror 228ms (cache revalidated)
463 http fetch GET 200 https://registry.npmjs.org/json-schema 229ms (cache revalidated)
464 http fetch GET 200 https://registry.npmjs.org/jsbn 225ms (cache revalidated)
465 http fetch GET 200 https://registry.npmjs.org/ecc-jsbn 257ms (cache revalidated)
466 http fetch GET 200 https://registry.npmjs.org/safer-buffer 259ms (cache revalidated)
467 http fetch GET 200 https://registry.npmjs.org/bcrypt-pbkdf 257ms (cache revalidated)
468 http fetch GET 200 https://registry.npmjs.org/getpass 365ms (cache revalidated)
469 timing idealTree:node_modules/http-signature Completed in 370ms
470 timing idealTree:node_modules/assert-plus Completed in 0ms
471 timing idealTree:node_modules/is-typedarray Completed in 0ms
472 timing idealTree:node_modules/isstream Completed in 0ms
473 timing idealTree:node_modules/json-schema-traverse Completed in 0ms
474 timing idealTree:node_modules/json-stringify-safe Completed in 0ms
475 silly placeDep ROOT extsprintf@1.3.0 OK for: jsprim@1.4.2 want: 1.3.0
476 silly placeDep ROOT json-schema@0.4.0 OK for: jsprim@1.4.2 want: 0.4.0
477 silly placeDep ROOT verror@1.10.0 OK for: jsprim@1.4.2 want: 1.10.0
478 silly fetch manifest core-util-is@1.0.2
479 timing idealTree:node_modules/jsprim Completed in 2ms
480 timing idealTree:node_modules/extsprintf Completed in 0ms
481 timing idealTree:node_modules/json-schema Completed in 0ms
482 silly placeDep ROOT mime-db@1.52.0 OK for: mime-types@2.1.35 want: 1.52.0
483 timing idealTree:node_modules/mime-types Completed in 0ms
484 timing idealTree:node_modules/mime-db Completed in 0ms
485 timing idealTree:node_modules/oauth-sign Completed in 0ms
486 timing idealTree:node_modules/performance-now Completed in 0ms
487 timing idealTree:node_modules/qs Completed in 0ms
488 silly fetch manifest request@^2.34
489 silly placeDep ROOT bluebird@3.7.2 OK for: request-promise@4.2.6 want: ^3.5.0
490 silly placeDep ROOT request-promise-core@1.1.4 OK for: request-promise@4.2.6 want: 1.1.4
491 silly fetch manifest lodash@^4.17.19
492 silly placeDep ROOT stealthy-require@1.1.1 OK for: request-promise@4.2.6 want: ^1.1.1
493 http fetch GET 200 https://registry.npmjs.org/lodash 243ms (cache revalidated)
494 timing idealTree:node_modules/request-promise Completed in 245ms
495 timing idealTree:node_modules/bluebird Completed in 0ms
496 silly placeDep ROOT lodash@4.17.21 OK for: request-promise-core@1.1.4 want: ^4.17.19
497 timing idealTree:node_modules/request-promise-core Completed in 1ms
498 timing idealTree:node_modules/lodash Completed in 0ms
499 silly placeDep node_modules/safe-array-concat isarray@2.0.5 OK for: safe-array-concat@1.0.1 want: ^2.0.5
500 timing idealTree:node_modules/safe-array-concat Completed in 1ms
501 timing idealTree:node_modules/safe-buffer Completed in 0ms
502 timing idealTree:node_modules/safe-regex-test Completed in 0ms
503 timing idealTree:node_modules/set-function-name Completed in 0ms
504 timing idealTree:node_modules/side-channel Completed in 0ms
505 silly placeDep ROOT asn1@0.2.6 OK for: sshpk@1.17.0 want: ~0.2.3
506 silly fetch manifest safer-buffer@~2.1.0
507 silly placeDep ROOT bcrypt-pbkdf@1.0.2 OK for: sshpk@1.17.0 want: ^1.0.0
508 silly fetch manifest tweetnacl@^0.14.3
509 silly placeDep ROOT dashdash@1.14.1 OK for: sshpk@1.17.0 want: ^1.12.0
510 silly placeDep ROOT ecc-jsbn@0.1.2 OK for: sshpk@1.17.0 want: ~0.1.1
511 silly fetch manifest safer-buffer@^2.1.0
512 silly placeDep ROOT getpass@0.1.7 OK for: sshpk@1.17.0 want: ^0.1.1
513 silly placeDep ROOT jsbn@0.1.1 OK for: sshpk@1.17.0 want: ~0.1.0
514 silly placeDep ROOT safer-buffer@2.1.2 OK for: sshpk@1.17.0 want: ^2.0.2
515 silly placeDep ROOT tweetnacl@0.14.5 OK for: sshpk@1.17.0 want: ~0.14.0
516 timing idealTree:node_modules/sshpk Completed in 6ms
517 timing idealTree:node_modules/asn1 Completed in 0ms
518 timing idealTree:node_modules/bcrypt-pbkdf Completed in 0ms
519 timing idealTree:node_modules/dashdash Completed in 0ms
520 timing idealTree:node_modules/ecc-jsbn Completed in 0ms
521 timing idealTree:node_modules/getpass Completed in 0ms
522 timing idealTree:node_modules/jsbn Completed in 0ms
523 timing idealTree:node_modules/safer-buffer Completed in 0ms
524 timing idealTree:node_modules/stealthy-require Completed in 0ms
525 silly placeDep node_modules/string_decoder safe-buffer@5.1.2 OK for: string_decoder@1.1.1 want: ~5.1.0
526 timing idealTree:node_modules/string_decoder Completed in 1ms
527 timing idealTree:node_modules/string.prototype.trim Completed in 0ms
528 timing idealTree:node_modules/string.prototype.trimend Completed in 0ms
529 timing idealTree:node_modules/string.prototype.trimstart Completed in 0ms
530 silly placeDep ROOT psl@1.9.0 OK for: tough-cookie@2.5.0 want: ^1.1.28
531 silly placeDep ROOT punycode@2.3.0 OK for: tough-cookie@2.5.0 want: ^2.1.1
532 timing idealTree:node_modules/tough-cookie Completed in 1ms
533 timing idealTree:node_modules/psl Completed in 0ms
534 timing idealTree:node_modules/punycode Completed in 0ms
535 timing idealTree:node_modules/tunnel-agent Completed in 0ms
536 timing idealTree:node_modules/tweetnacl Completed in 0ms
537 timing idealTree:node_modules/typed-array-buffer Completed in 0ms
538 silly placeDep ROOT for-each@0.3.3 OK for: typed-array-byte-length@1.0.0 want: ^0.3.3
539 timing idealTree:node_modules/typed-array-byte-length Completed in 1ms
540 timing idealTree:node_modules/for-each Completed in 0ms
541 timing idealTree:node_modules/typed-array-byte-offset Completed in 0ms
542 timing idealTree:node_modules/typed-array-length Completed in 0ms
543 silly placeDep ROOT has-bigints@1.0.2 OK for: unbox-primitive@1.0.2 want: ^1.0.2
544 silly placeDep ROOT which-boxed-primitive@1.0.2 OK for: unbox-primitive@1.0.2 want: ^1.0.2
545 silly fetch manifest is-bigint@^1.0.1
546 silly fetch manifest is-boolean-object@^1.1.0
547 silly fetch manifest is-number-object@^1.0.4
548 http fetch GET 200 https://registry.npmjs.org/is-number-object 385ms (cache revalidated)
549 http fetch GET 200 https://registry.npmjs.org/is-boolean-object 386ms (cache revalidated)
550 http fetch GET 200 https://registry.npmjs.org/is-bigint 386ms (cache revalidated)
551 timing idealTree:node_modules/unbox-primitive Completed in 388ms
552 timing idealTree:node_modules/has-bigints Completed in 0ms
553 timing idealTree:node_modules/uri-js Completed in 0ms
554 timing idealTree:node_modules/util-deprecate Completed in 0ms
555 timing idealTree:node_modules/uuid Completed in 0ms
556 silly placeDep node_modules/verror core-util-is@1.0.2 OK for: verror@1.10.0 want: 1.0.2
557 timing idealTree:node_modules/verror Completed in 0ms
558 silly placeDep ROOT is-bigint@1.0.4 OK for: which-boxed-primitive@1.0.2 want: ^1.0.1
559 silly placeDep ROOT is-boolean-object@1.1.2 OK for: which-boxed-primitive@1.0.2 want: ^1.1.0
560 silly placeDep ROOT is-number-object@1.0.7 OK for: which-boxed-primitive@1.0.2 want: ^1.0.4
561 timing idealTree:node_modules/which-boxed-primitive Completed in 3ms
562 timing idealTree:node_modules/is-bigint Completed in 0ms
563 timing idealTree:node_modules/is-boolean-object Completed in 0ms
564 timing idealTree:node_modules/is-number-object Completed in 0ms
565 timing idealTree:node_modules/which-typed-array Completed in 0ms
566 timing idealTree:node_modules/wrappy Completed in 0ms
567 timing idealTree:node_modules/readable-stream/node_modules/safe-buffer Completed in 0ms
568 timing idealTree:node_modules/safe-array-concat/node_modules/isarray Completed in 0ms
569 timing idealTree:node_modules/string_decoder/node_modules/safe-buffer Completed in 0ms
570 timing idealTree:node_modules/verror/node_modules/core-util-is Completed in 0ms
571 timing idealTree:buildDeps Completed in 8944ms
572 timing idealTree:fixDepFlags Completed in 1ms
573 timing idealTree Completed in 8958ms
574 timing reify:loadTrees Completed in 8959ms
575 timing reify:diffTrees Completed in 2ms
576 silly reify moves {}
577 timing reify:retireShallow Completed in 1ms
578 timing reify:createSparse Completed in 82ms
579 timing reify:loadBundles Completed in 0ms
580 timing reifyNode:node_modules/oauth-sign Completed in 715ms
581 timing reifyNode:node_modules/process-nextick-args Completed in 720ms
582 timing reifyNode:node_modules/once Completed in 721ms
583 timing reifyNode:node_modules/wrappy Completed in 721ms
584 timing reifyNode:node_modules/end-of-stream Completed in 721ms
585 timing reifyNode:node_modules/ms Completed in 743ms
586 timing reifyNode:node_modules/file-type Completed in 746ms
587 timing reifyNode:node_modules/assert-plus Completed in 764ms
588 timing reifyNode:node_modules/tunnel-agent Completed in 768ms
589 timing reifyNode:node_modules/forever-agent Completed in 771ms
590 timing reifyNode:node_modules/is-typedarray Completed in 772ms
591 timing reifyNode:node_modules/caseless Completed in 773ms
592 timing reifyNode:node_modules/aws-sign2 Completed in 774ms
593 timing reifyNode:node_modules/inherits Completed in 775ms
594 timing reifyNode:node_modules/core-util-is Completed in 775ms
595 timing reifyNode:node_modules/safe-array-concat/node_modules/isarray Completed in 806ms
596 timing reifyNode:node_modules/stealthy-require Completed in 810ms
597 timing reifyNode:node_modules/util-deprecate Completed in 820ms
598 timing reifyNode:node_modules/combined-stream Completed in 821ms
599 timing reifyNode:node_modules/getpass Completed in 856ms
600 timing reifyNode:node_modules/delayed-stream Completed in 861ms
601 timing reifyNode:node_modules/mime-types Completed in 865ms
602 warn deprecated har-validator@5.1.5: this library is no longer supported
603 timing reifyNode:node_modules/har-validator Completed in 866ms
604 timing reifyNode:node_modules/string_decoder Completed in 867ms
605 timing reifyNode:node_modules/has Completed in 879ms
606 timing reifyNode:node_modules/pump Completed in 890ms
607 timing reifyNode:node_modules/bcrypt-pbkdf Completed in 896ms
608 timing reifyNode:node_modules/json-schema Completed in 898ms
609 timing reifyNode:node_modules/set-function-name Completed in 907ms
610 timing reifyNode:node_modules/isarray Completed in 907ms
611 timing reifyNode:node_modules/es-set-tostringtag Completed in 918ms
612 timing reifyNode:node_modules/safe-buffer Completed in 922ms
613 warn deprecated request-promise@4.2.6: request-promise has been deprecated because it extends the now deprecated request package, see https://github.com/request/request/issues/3142
614 timing reifyNode:node_modules/request-promise Completed in 922ms
615 timing reifyNode:node_modules/punycode Completed in 930ms
616 timing reifyNode:node_modules/readable-stream/node_modules/safe-buffer Completed in 928ms
617 timing reifyNode:node_modules/string_decoder/node_modules/safe-buffer Completed in 931ms
618 timing reifyNode:node_modules/safer-buffer Completed in 961ms
619 timing reifyNode:node_modules/verror/node_modules/core-util-is Completed in 962ms
620 timing reifyNode:node_modules/jsprim Completed in 964ms
621 timing reifyNode:node_modules/isstream Completed in 968ms
622 timing reifyNode:node_modules/aws4 Completed in 969ms
623 timing reifyNode:node_modules/extend Completed in 971ms
624 timing reifyNode:node_modules/safe-regex-test Completed in 976ms
625 timing reifyNode:node_modules/has-proto Completed in 980ms
626 timing reifyNode:node_modules/gopd Completed in 984ms
627 timing reifyNode:node_modules/bl Completed in 987ms
628 timing reifyNode:node_modules/for-each Completed in 992ms
629 timing reifyNode:node_modules/jsbn Completed in 992ms
630 timing reifyNode:node_modules/has-bigints Completed in 993ms
631 timing reifyNode:node_modules/verror Completed in 994ms
632 timing reifyNode:node_modules/typed-array-buffer Completed in 1005ms
633 timing reifyNode:node_modules/array-buffer-byte-length Completed in 1013ms
634 timing reifyNode:node_modules/has-property-descriptors Completed in 1013ms
635 timing reifyNode:node_modules/eventemitter3 Completed in 1016ms
636 timing reifyNode:node_modules/ecc-jsbn Completed in 1022ms
637 timing reifyNode:node_modules/request-promise-core Completed in 1022ms
638 timing reifyNode:node_modules/extsprintf Completed in 1025ms
639 timing reifyNode:node_modules/json-stringify-safe Completed in 1028ms
640 timing reifyNode:node_modules/is-weakref Completed in 1034ms
641 timing reifyNode:node_modules/define-properties Completed in 1043ms
642 timing reifyNode:node_modules/json-schema-traverse Completed in 1051ms
643 timing reifyNode:node_modules/typed-array-length Completed in 1056ms
644 timing reifyNode:node_modules/typed-array-byte-offset Completed in 1056ms
645 timing reifyNode:node_modules/typed-array-byte-length Completed in 1057ms
646 timing reifyNode:node_modules/safe-array-concat Completed in 1058ms
647 timing reifyNode:node_modules/is-regex Completed in 1059ms
648 timing reifyNode:node_modules/is-array-buffer Completed in 1060ms
649 timing reifyNode:node_modules/debug Completed in 1067ms
650 timing reifyNode:node_modules/is-number-object Completed in 1074ms
651 timing reifyNode:node_modules/fast-deep-equal Completed in 1073ms
652 timing reifyNode:node_modules/is-bigint Completed in 1074ms
653 timing reifyNode:node_modules/asn1 Completed in 1074ms
654 timing reifyNode:node_modules/side-channel Completed in 1077ms
655 timing reifyNode:node_modules/functions-have-names Completed in 1078ms
656 timing reifyNode:node_modules/which-typed-array Completed in 1079ms
657 timing reifyNode:node_modules/unbox-primitive Completed in 1079ms
658 timing reifyNode:node_modules/is-typed-array Completed in 1081ms
659 timing reifyNode:node_modules/is-string Completed in 1082ms
660 timing reifyNode:node_modules/is-shared-array-buffer Completed in 1083ms
661 timing reifyNode:node_modules/available-typed-arrays Completed in 1085ms
662 timing reifyNode:node_modules/es-shim-unscopables Completed in 1089ms
663 timing reifyNode:node_modules/dashdash Completed in 1093ms
664 timing reifyNode:node_modules/is-boolean-object Completed in 1095ms
665 timing reifyNode:node_modules/which-boxed-primitive Completed in 1094ms
666 timing reifyNode:node_modules/is-symbol Completed in 1099ms
667 timing reifyNode:node_modules/is-date-object Completed in 1101ms
668 timing reifyNode:node_modules/is-negative-zero Completed in 1104ms
669 timing reifyNode:node_modules/internal-slot Completed in 1105ms
670 timing reifyNode:node_modules/get-symbol-description Completed in 1104ms
671 timing reifyNode:node_modules/get-intrinsic Completed in 1106ms
672 timing reifyNode:node_modules/mime Completed in 1107ms
673 timing reifyNode:node_modules/function-bind Completed in 1107ms
674 timing reifyNode:node_modules/is-callable Completed in 1119ms
675 timing reifyNode:node_modules/call-bind Completed in 1121ms
676 timing reifyNode:node_modules/object-keys Completed in 1122ms
677 timing reifyNode:node_modules/tough-cookie Completed in 1128ms
678 timing reifyNode:node_modules/has-tostringtag Completed in 1130ms
679 timing reifyNode:node_modules/arraybuffer.prototype.slice Completed in 1132ms
680 timing reifyNode:node_modules/string.prototype.trimend Completed in 1142ms
681 timing reifyNode:node_modules/string.prototype.trimstart Completed in 1142ms
682 timing reifyNode:node_modules/globalthis Completed in 1143ms
683 timing reifyNode:node_modules/http-signature Completed in 1153ms
684 timing reifyNode:node_modules/form-data Completed in 1154ms
685 timing reifyNode:node_modules/mime-db Completed in 1159ms
686 timing reifyNode:node_modules/define-data-property Completed in 1156ms
687 timing reifyNode:node_modules/has-symbols Completed in 1163ms
688 timing reifyNode:node_modules/array.prototype.findindex Completed in 1165ms
689 timing reifyNode:node_modules/performance-now Completed in 1170ms
690 timing reifyNode:node_modules/asynckit Completed in 1170ms
691 timing reifyNode:node_modules/string.prototype.trim Completed in 1170ms
692 timing reifyNode:node_modules/regexp.prototype.flags Completed in 1170ms
693 timing reifyNode:node_modules/fast-json-stable-stringify Completed in 1174ms
694 warn deprecated uuid@3.4.0: Please upgrade  to version 7 or higher.  Older versions may use Math.random() in certain circumstances, which is known to be problematic.  See https://v8.dev/blog/math-random for details.
695 timing reifyNode:node_modules/uuid Completed in 1185ms
696 timing reifyNode:node_modules/tweetnacl Completed in 1189ms
697 timing reifyNode:node_modules/es-to-primitive Completed in 1187ms
698 timing reifyNode:node_modules/har-schema Completed in 1190ms
699 timing reifyNode:node_modules/function.prototype.name Completed in 1197ms
700 warn deprecated request@2.88.2: request has been deprecated, see https://github.com/request/request/issues/3142
701 timing reifyNode:node_modules/request Completed in 1228ms
702 timing reifyNode:node_modules/qs Completed in 1235ms
703 timing reifyNode:node_modules/readable-stream Completed in 1240ms
704 timing reifyNode:node_modules/psl Completed in 1247ms
705 timing reifyNode:node_modules/object-inspect Completed in 1261ms
706 timing reifyNode:node_modules/node-telegram-bot-api Completed in 1316ms
707 timing reifyNode:node_modules/sshpk Completed in 1319ms
708 timing reifyNode:node_modules/uri-js Completed in 1385ms
709 timing reifyNode:node_modules/object.assign Completed in 1394ms
710 timing reifyNode:node_modules/bluebird Completed in 1400ms
711 timing reifyNode:node_modules/ajv Completed in 1526ms
712 timing reifyNode:node_modules/lodash Completed in 2674ms
713 timing reifyNode:node_modules/es-abstract Completed in 3481ms
714 timing reify:unpack Completed in 3485ms
715 timing reify:unretire Completed in 1ms
716 timing build:queue Completed in 23ms
717 timing build:link:node_modules/sshpk Completed in 9ms
718 timing build:link:node_modules/mime Completed in 9ms
719 timing build:link:node_modules/uuid Completed in 10ms
720 timing build:link Completed in 11ms
721 timing build:deps Completed in 34ms
722 timing build Completed in 34ms
723 timing reify:build Completed in 34ms
724 timing reify:trash Completed in 0ms
725 timing reify:save Completed in 67ms
726 timing reify Completed in 12653ms
727 silly ADD node_modules/is-number-object
728 silly ADD node_modules/is-boolean-object
729 silly ADD node_modules/is-bigint
730 silly ADD node_modules/which-boxed-primitive
731 silly ADD node_modules/has-bigints
732 silly ADD node_modules/for-each
733 silly ADD node_modules/punycode
734 silly ADD node_modules/psl
735 silly ADD node_modules/tweetnacl
736 silly ADD node_modules/safer-buffer
737 silly ADD node_modules/jsbn
738 silly ADD node_modules/getpass
739 silly ADD node_modules/ecc-jsbn
740 silly ADD node_modules/dashdash
741 silly ADD node_modules/bcrypt-pbkdf
742 silly ADD node_modules/asn1
743 silly ADD node_modules/lodash
744 silly ADD node_modules/stealthy-require
745 silly ADD node_modules/request-promise-core
746 silly ADD node_modules/bluebird
747 silly ADD node_modules/mime-db
748 silly ADD node_modules/verror
749 silly ADD node_modules/verror/node_modules/core-util-is
750 silly ADD node_modules/json-schema
751 silly ADD node_modules/extsprintf
752 silly ADD node_modules/sshpk
753 silly ADD node_modules/jsprim
754 silly ADD node_modules/assert-plus
755 silly ADD node_modules/uri-js
756 silly ADD node_modules/json-schema-traverse
757 silly ADD node_modules/fast-json-stable-stringify
758 silly ADD node_modules/fast-deep-equal
759 silly ADD node_modules/har-schema
760 silly ADD node_modules/ajv
761 silly ADD node_modules/asynckit
762 silly ADD node_modules/delayed-stream
763 silly ADD node_modules/uuid
764 silly ADD node_modules/tunnel-agent
765 silly ADD node_modules/tough-cookie
766 silly ADD node_modules/qs
767 silly ADD node_modules/performance-now
768 silly ADD node_modules/oauth-sign
769 silly ADD node_modules/mime-types
770 silly ADD node_modules/json-stringify-safe
771 silly ADD node_modules/isstream
772 silly ADD node_modules/is-typedarray
773 silly ADD node_modules/http-signature
774 silly ADD node_modules/har-validator
775 silly ADD node_modules/form-data
776 silly ADD node_modules/forever-agent
777 silly ADD node_modules/extend
778 silly ADD node_modules/combined-stream
779 silly ADD node_modules/caseless
780 silly ADD node_modules/aws4
781 silly ADD node_modules/aws-sign2
782 silly ADD node_modules/set-function-name
783 silly ADD node_modules/util-deprecate
784 silly ADD node_modules/string_decoder
785 silly ADD node_modules/string_decoder/node_modules/safe-buffer
786 silly ADD node_modules/process-nextick-args
787 silly ADD node_modules/isarray
788 silly ADD node_modules/inherits
789 silly ADD node_modules/core-util-is
790 silly ADD node_modules/wrappy
791 silly ADD node_modules/once
792 silly ADD node_modules/end-of-stream
793 silly ADD node_modules/side-channel
794 silly ADD node_modules/functions-have-names
795 silly ADD node_modules/is-symbol
796 silly ADD node_modules/is-date-object
797 silly ADD node_modules/has-tostringtag
798 silly ADD node_modules/which-typed-array
799 silly ADD node_modules/unbox-primitive
800 silly ADD node_modules/typed-array-length
801 silly ADD node_modules/typed-array-byte-offset
802 silly ADD node_modules/typed-array-byte-length
803 silly ADD node_modules/typed-array-buffer
804 silly ADD node_modules/string.prototype.trimstart
805 silly ADD node_modules/string.prototype.trimend
806 silly ADD node_modules/string.prototype.trim
807 silly ADD node_modules/safe-regex-test
808 silly ADD node_modules/safe-array-concat
809 silly ADD node_modules/safe-array-concat/node_modules/isarray
810 silly ADD node_modules/regexp.prototype.flags
811 silly ADD node_modules/object.assign
812 silly ADD node_modules/object-inspect
813 silly ADD node_modules/is-weakref
814 silly ADD node_modules/is-typed-array
815 silly ADD node_modules/is-string
816 silly ADD node_modules/is-shared-array-buffer
817 silly ADD node_modules/is-regex
818 silly ADD node_modules/is-negative-zero
819 silly ADD node_modules/is-callable
820 silly ADD node_modules/is-array-buffer
821 silly ADD node_modules/internal-slot
822 silly ADD node_modules/has-symbols
823 silly ADD node_modules/has-proto
824 silly ADD node_modules/has
825 silly ADD node_modules/globalthis
826 silly ADD node_modules/get-symbol-description
827 silly ADD node_modules/function.prototype.name
828 silly ADD node_modules/es-to-primitive
829 silly ADD node_modules/es-set-tostringtag
830 silly ADD node_modules/available-typed-arrays
831 silly ADD node_modules/arraybuffer.prototype.slice
832 silly ADD node_modules/array-buffer-byte-length
833 silly ADD node_modules/gopd
834 silly ADD node_modules/object-keys
835 silly ADD node_modules/has-property-descriptors
836 silly ADD node_modules/define-data-property
837 silly ADD node_modules/ms
838 silly ADD node_modules/get-intrinsic
839 silly ADD node_modules/function-bind
840 silly ADD node_modules/safe-buffer
841 silly ADD node_modules/readable-stream
842 silly ADD node_modules/readable-stream/node_modules/safe-buffer
843 silly ADD node_modules/es-shim-unscopables
844 silly ADD node_modules/es-abstract
845 silly ADD node_modules/define-properties
846 silly ADD node_modules/call-bind
847 silly ADD node_modules/request-promise
848 silly ADD node_modules/request
849 silly ADD node_modules/pump
850 silly ADD node_modules/mime
851 silly ADD node_modules/file-type
852 silly ADD node_modules/eventemitter3
853 silly ADD node_modules/debug
854 silly ADD node_modules/bl
855 silly ADD node_modules/array.prototype.findindex
856 silly ADD node_modules/node-telegram-bot-api
857 timing command:install Completed in 12661ms
858 verbose exit 0
859 timing npm Completed in 12806ms
860 info ok
