0 verbose cli /home/criesinvain/.nvm/versions/node/v20.6.1/bin/node /home/criesinvain/.nvm/versions/node/v20.6.1/bin/npm
1 info using npm@9.8.1
2 info using node@v20.6.1
3 timing npm:load:whichnode Completed in 2ms
4 timing config:load:defaults Completed in 2ms
5 timing config:load:file:/home/criesinvain/.nvm/versions/node/v20.6.1/lib/node_modules/npm/npmrc Completed in 2ms
6 timing config:load:builtin Completed in 2ms
7 timing config:load:cli Completed in 1ms
8 timing config:load:env Completed in 0ms
9 timing config:load:project Completed in 2ms
10 timing config:load:file:/home/criesinvain/.npmrc Completed in 0ms
11 timing config:load:user Completed in 0ms
12 timing config:load:file:/home/criesinvain/.nvm/versions/node/v20.6.1/etc/npmrc Completed in 0ms
13 timing config:load:global Completed in 0ms
14 timing config:load:setEnvs Completed in 1ms
15 timing config:load Completed in 8ms
16 timing npm:load:configload Completed in 8ms
17 timing config:load:flatten Completed in 2ms
18 timing npm:load:mkdirpcache Completed in 0ms
19 timing npm:load:mkdirplogs Completed in 0ms
20 verbose title npm install node-telegram-bot-api
21 verbose argv "install" "node-telegram-bot-api"
22 timing npm:load:setTitle Completed in 1ms
23 timing npm:load:display Completed in 0ms
24 verbose logfile logs-max:10 dir:/home/criesinvain/.npm/_logs/2023-09-13T22_04_18_962Z-
25 verbose logfile /home/criesinvain/.npm/_logs/2023-09-13T22_04_18_962Z-debug-0.log
26 timing npm:load:logFile Completed in 5ms
27 timing npm:load:timers Completed in 0ms
28 timing npm:load:configScope Completed in 1ms
29 timing npm:load Completed in 29ms
30 timing config:load:flatten Completed in 0ms
31 timing arborist:ctor Completed in 1ms
32 silly logfile done cleaning log files
33 timing arborist:ctor Completed in 0ms
34 timing idealTree:init Completed in 11ms
35 timing idealTree:userRequests Completed in 1ms
36 silly idealTree buildDeps
37 silly fetch manifest node-telegram-bot-api@*
38 http fetch GET 200 https://registry.npmjs.org/node-telegram-bot-api 3592ms (cache miss)
39 silly placeDep ROOT node-telegram-bot-api@0.63.0 OK for:  want: *
40 silly fetch manifest array.prototype.findindex@^2.0.2
41 silly fetch manifest bl@^1.2.3
42 silly fetch manifest debug@^3.2.7
43 silly fetch manifest eventemitter3@^3.0.0
44 silly fetch manifest file-type@^3.9.0
45 silly fetch manifest mime@^1.6.0
46 silly fetch manifest pump@^2.0.0
47 silly fetch manifest request@^2.83.0
48 silly fetch manifest request-promise@^4.2.2
49 http fetch GET 200 https://registry.npmjs.org/array.prototype.findindex 578ms (cache miss)
50 http fetch GET 200 https://registry.npmjs.org/pump 760ms (cache miss)
51 http fetch GET 200 https://registry.npmjs.org/mime 882ms (cache miss)
52 http fetch GET 200 https://registry.npmjs.org/eventemitter3 900ms (cache miss)
53 http fetch GET 200 https://registry.npmjs.org/debug 1042ms (cache miss)
54 http fetch GET 200 https://registry.npmjs.org/file-type 1367ms (cache miss)
55 http fetch GET 200 https://registry.npmjs.org/bl 1448ms (cache miss)
56 http fetch GET 200 https://registry.npmjs.org/request-promise 1525ms (cache miss)
57 http fetch GET 200 https://registry.npmjs.org/request 1710ms (cache miss)
58 timing idealTree:#root Completed in 5313ms
59 silly placeDep ROOT array.prototype.findindex@2.2.2 OK for: node-telegram-bot-api@0.63.0 want: ^2.0.2
60 silly fetch manifest call-bind@^1.0.2
61 silly fetch manifest define-properties@^1.2.0
62 silly fetch manifest es-abstract@^1.22.1
63 silly fetch manifest es-shim-unscopables@^1.0.0
64 silly placeDep ROOT bl@1.2.3 OK for: node-telegram-bot-api@0.63.0 want: ^1.2.3
65 silly fetch manifest readable-stream@^2.3.5
66 silly fetch manifest safe-buffer@^5.1.1
67 silly placeDep ROOT debug@3.2.7 OK for: node-telegram-bot-api@0.63.0 want: ^3.2.7
68 silly fetch manifest ms@^2.1.1
69 silly placeDep ROOT eventemitter3@3.1.2 OK for: node-telegram-bot-api@0.63.0 want: ^3.0.0
70 silly placeDep ROOT file-type@3.9.0 OK for: node-telegram-bot-api@0.63.0 want: ^3.9.0
71 silly placeDep ROOT mime@1.6.0 OK for: node-telegram-bot-api@0.63.0 want: ^1.6.0
72 silly placeDep ROOT pump@2.0.1 OK for: node-telegram-bot-api@0.63.0 want: ^2.0.0
73 silly fetch manifest end-of-stream@^1.1.0
74 silly fetch manifest once@^1.3.1
75 silly placeDep ROOT request@2.88.2 OK for: node-telegram-bot-api@0.63.0 want: ^2.83.0
76 silly fetch manifest aws-sign2@~0.7.0
77 silly fetch manifest aws4@^1.8.0
78 silly fetch manifest caseless@~0.12.0
79 silly fetch manifest combined-stream@~1.0.6
80 silly fetch manifest extend@~3.0.2
81 silly fetch manifest forever-agent@~0.6.1
82 silly fetch manifest form-data@~2.3.2
83 silly fetch manifest har-validator@~5.1.3
84 silly fetch manifest http-signature@~1.2.0
85 silly fetch manifest is-typedarray@~1.0.0
86 silly fetch manifest isstream@~0.1.2
87 silly fetch manifest json-stringify-safe@~5.0.1
88 silly fetch manifest mime-types@~2.1.19
89 silly fetch manifest oauth-sign@~0.9.0
90 silly fetch manifest performance-now@^2.1.0
91 silly fetch manifest qs@~6.5.2
92 silly fetch manifest safe-buffer@^5.1.2
93 silly fetch manifest tough-cookie@~2.5.0
94 silly fetch manifest tunnel-agent@^0.6.0
95 silly fetch manifest uuid@^3.3.2
96 silly placeDep ROOT request-promise@4.2.6 OK for: node-telegram-bot-api@0.63.0 want: ^4.2.2
97 silly fetch manifest request-promise-core@1.1.4
98 silly fetch manifest bluebird@^3.5.0
99 silly fetch manifest stealthy-require@^1.1.1
100 silly fetch manifest tough-cookie@^2.3.3
101 http fetch GET 200 https://registry.npmjs.org/npm 5603ms (cache miss)
102 http fetch GET 200 https://registry.npmjs.org/es-shim-unscopables 251ms (cache miss)
103 http fetch GET 200 https://registry.npmjs.org/once 245ms (cache miss)
104 http fetch GET 200 https://registry.npmjs.org/call-bind 255ms (cache miss)
105 http fetch GET 200 https://registry.npmjs.org/define-properties 255ms (cache miss)
106 http fetch GET 200 https://registry.npmjs.org/end-of-stream 248ms (cache miss)
107 http fetch GET 200 https://registry.npmjs.org/ms 252ms (cache miss)
108 http fetch GET 200 https://registry.npmjs.org/safe-buffer 339ms (cache miss)
109 http fetch GET 200 https://registry.npmjs.org/readable-stream 390ms (cache miss)
110 http fetch GET 200 https://registry.npmjs.org/forever-agent 398ms (cache miss)
111 http fetch GET 200 https://registry.npmjs.org/es-abstract 410ms (cache miss)
112 http fetch GET 200 https://registry.npmjs.org/http-signature 399ms (cache miss)
113 http fetch GET 200 https://registry.npmjs.org/form-data 412ms (cache miss)
114 http fetch GET 200 https://registry.npmjs.org/json-stringify-safe 417ms (cache miss)
115 http fetch GET 200 https://registry.npmjs.org/isstream 418ms (cache miss)
116 http fetch GET 200 https://registry.npmjs.org/is-typedarray 420ms (cache miss)
117 http fetch GET 200 https://registry.npmjs.org/har-validator 492ms (cache miss)
118 http fetch GET 200 https://registry.npmjs.org/mime-types 537ms (cache miss)
119 http fetch GET 200 https://registry.npmjs.org/aws-sign2 572ms (cache miss)
120 http fetch GET 200 https://registry.npmjs.org/oauth-sign 567ms (cache miss)
121 http fetch GET 200 https://registry.npmjs.org/caseless 573ms (cache miss)
122 http fetch GET 200 https://registry.npmjs.org/aws4 578ms (cache miss)
123 http fetch GET 200 https://registry.npmjs.org/performance-now 581ms (cache miss)
124 http fetch GET 200 https://registry.npmjs.org/safe-buffer 583ms (cache miss)
125 http fetch GET 200 https://registry.npmjs.org/combined-stream 593ms (cache miss)
126 http fetch GET 200 https://registry.npmjs.org/extend 604ms (cache miss)
127 http fetch GET 200 https://registry.npmjs.org/tunnel-agent 599ms (cache miss)
128 http fetch GET 200 https://registry.npmjs.org/request-promise-core 596ms (cache miss)
129 http fetch GET 200 https://registry.npmjs.org/qs 674ms (cache miss)
130 http fetch GET 200 https://registry.npmjs.org/tough-cookie 678ms (cache miss)
131 http fetch GET 200 https://registry.npmjs.org/uuid 678ms (cache miss)
132 http fetch GET 200 https://registry.npmjs.org/bluebird 1077ms (cache miss)
133 http fetch GET 200 https://registry.npmjs.org/stealthy-require 1081ms (cache miss)
134 http fetch GET 200 https://registry.npmjs.org/tough-cookie 1083ms (cache miss)
135 timing idealTree:node_modules/node-telegram-bot-api Completed in 1115ms
136 silly placeDep ROOT call-bind@1.0.2 OK for: array.prototype.findindex@2.2.2 want: ^1.0.2
137 silly fetch manifest function-bind@^1.1.1
138 silly fetch manifest get-intrinsic@^1.0.2
139 silly placeDep ROOT define-properties@1.2.1 OK for: array.prototype.findindex@2.2.2 want: ^1.2.0
140 silly fetch manifest define-data-property@^1.0.1
141 silly fetch manifest has-property-descriptors@^1.0.0
142 silly fetch manifest object-keys@^1.1.1
143 silly placeDep ROOT es-abstract@1.22.1 OK for: array.prototype.findindex@2.2.2 want: ^1.22.1
144 silly fetch manifest array-buffer-byte-length@^1.0.0
145 silly fetch manifest arraybuffer.prototype.slice@^1.0.1
146 silly fetch manifest available-typed-arrays@^1.0.5
147 silly fetch manifest es-set-tostringtag@^2.0.1
148 silly fetch manifest es-to-primitive@^1.2.1
149 silly fetch manifest function.prototype.name@^1.1.5
150 silly fetch manifest get-intrinsic@^1.2.1
151 silly fetch manifest get-symbol-description@^1.0.0
152 silly fetch manifest globalthis@^1.0.3
153 silly fetch manifest gopd@^1.0.1
154 silly fetch manifest has@^1.0.3
155 silly fetch manifest has-proto@^1.0.1
156 silly fetch manifest has-symbols@^1.0.3
157 silly fetch manifest internal-slot@^1.0.5
158 silly fetch manifest is-array-buffer@^3.0.2
159 silly fetch manifest is-callable@^1.2.7
160 silly fetch manifest is-negative-zero@^2.0.2
161 silly fetch manifest is-regex@^1.1.4
162 silly fetch manifest is-shared-array-buffer@^1.0.2
163 silly fetch manifest is-string@^1.0.7
164 silly fetch manifest is-typed-array@^1.1.10
165 silly fetch manifest is-weakref@^1.0.2
166 silly fetch manifest object-inspect@^1.12.3
167 silly fetch manifest object.assign@^4.1.4
168 silly fetch manifest regexp.prototype.flags@^1.5.0
169 silly fetch manifest safe-array-concat@^1.0.0
170 silly fetch manifest safe-regex-test@^1.0.0
171 silly fetch manifest string.prototype.trim@^1.2.7
172 silly fetch manifest string.prototype.trimend@^1.0.6
173 silly fetch manifest string.prototype.trimstart@^1.0.6
174 silly fetch manifest typed-array-buffer@^1.0.0
175 silly fetch manifest typed-array-byte-length@^1.0.0
176 silly fetch manifest typed-array-byte-offset@^1.0.0
177 silly fetch manifest typed-array-length@^1.0.4
178 silly fetch manifest unbox-primitive@^1.0.2
179 silly fetch manifest which-typed-array@^1.1.10
180 silly placeDep ROOT es-shim-unscopables@1.0.0 OK for: array.prototype.findindex@2.2.2 want: ^1.0.0
181 http fetch GET 200 https://registry.npmjs.org/get-intrinsic 237ms (cache miss)
182 http fetch GET 200 https://registry.npmjs.org/has-property-descriptors 242ms (cache miss)
183 http fetch GET 200 https://registry.npmjs.org/array-buffer-byte-length 241ms (cache miss)
184 http fetch GET 200 https://registry.npmjs.org/define-data-property 243ms (cache miss)
185 http fetch GET 200 https://registry.npmjs.org/available-typed-arrays 241ms (cache miss)
186 http fetch GET 200 https://registry.npmjs.org/es-set-tostringtag 241ms (cache miss)
187 http fetch GET 200 https://registry.npmjs.org/function.prototype.name 240ms (cache miss)
188 http fetch GET 200 https://registry.npmjs.org/function-bind 247ms (cache miss)
189 http fetch GET 200 https://registry.npmjs.org/get-symbol-description 240ms (cache miss)
190 http fetch GET 200 https://registry.npmjs.org/arraybuffer.prototype.slice 243ms (cache miss)
191 http fetch GET 200 https://registry.npmjs.org/es-to-primitive 243ms (cache miss)
192 http fetch GET 200 https://registry.npmjs.org/object-keys 246ms (cache miss)
193 http fetch GET 200 https://registry.npmjs.org/get-intrinsic 302ms (cache miss)
194 http fetch GET 200 https://registry.npmjs.org/gopd 333ms (cache miss)
195 http fetch GET 200 https://registry.npmjs.org/globalthis 395ms (cache miss)
196 http fetch GET 200 https://registry.npmjs.org/has 395ms (cache miss)
197 http fetch GET 200 https://registry.npmjs.org/has-symbols 399ms (cache miss)
198 http fetch GET 200 https://registry.npmjs.org/internal-slot 404ms (cache miss)
199 http fetch GET 200 https://registry.npmjs.org/is-array-buffer 408ms (cache miss)
200 http fetch GET 200 https://registry.npmjs.org/is-negative-zero 413ms (cache miss)
201 http fetch GET 200 https://registry.npmjs.org/is-regex 417ms (cache miss)
202 http fetch GET 200 https://registry.npmjs.org/is-callable 422ms (cache miss)
203 http fetch GET 200 https://registry.npmjs.org/is-weakref 420ms (cache miss)
204 http fetch GET 200 https://registry.npmjs.org/is-shared-array-buffer 422ms (cache miss)
205 http fetch GET 200 https://registry.npmjs.org/is-typed-array 423ms (cache miss)
206 http fetch GET 200 https://registry.npmjs.org/is-string 425ms (cache miss)
207 http fetch GET 200 https://registry.npmjs.org/has-proto 455ms (cache miss)
208 http fetch GET 200 https://registry.npmjs.org/object-inspect 551ms (cache miss)
209 http fetch GET 200 https://registry.npmjs.org/object.assign 573ms (cache miss)
210 http fetch GET 200 https://registry.npmjs.org/regexp.prototype.flags 576ms (cache miss)
211 http fetch GET 200 https://registry.npmjs.org/safe-array-concat 585ms (cache miss)
212 http fetch GET 200 https://registry.npmjs.org/safe-regex-test 592ms (cache miss)
213 http fetch GET 200 https://registry.npmjs.org/string.prototype.trim 592ms (cache miss)
214 http fetch GET 200 https://registry.npmjs.org/string.prototype.trimend 593ms (cache miss)
215 http fetch GET 200 https://registry.npmjs.org/typed-array-buffer 595ms (cache miss)
216 http fetch GET 200 https://registry.npmjs.org/string.prototype.trimstart 596ms (cache miss)
217 http fetch GET 200 https://registry.npmjs.org/typed-array-byte-offset 595ms (cache miss)
218 http fetch GET 200 https://registry.npmjs.org/typed-array-byte-length 607ms (cache miss)
219 http fetch GET 200 https://registry.npmjs.org/unbox-primitive 633ms (cache miss)
220 http fetch GET 200 https://registry.npmjs.org/which-typed-array 766ms (cache miss)
221 http fetch GET 200 https://registry.npmjs.org/typed-array-length 956ms (cache miss)
222 timing idealTree:node_modules/array.prototype.findindex Completed in 977ms
223 silly placeDep ROOT readable-stream@2.3.8 OK for: bl@1.2.3 want: ^2.3.5
224 silly fetch manifest core-util-is@~1.0.0
225 silly fetch manifest inherits@~2.0.3
226 silly fetch manifest isarray@~1.0.0
227 silly fetch manifest process-nextick-args@~2.0.0
228 silly fetch manifest safe-buffer@~5.1.1
229 silly fetch manifest string_decoder@~1.1.1
230 silly fetch manifest util-deprecate@~1.0.1
231 silly placeDep ROOT safe-buffer@5.2.1 OK for: bl@1.2.3 want: ^5.1.1
232 http fetch GET 200 https://registry.npmjs.org/string_decoder 190ms (cache miss)
233 http fetch GET 200 https://registry.npmjs.org/isarray 191ms (cache miss)
234 http fetch GET 200 https://registry.npmjs.org/inherits 192ms (cache miss)
235 http fetch GET 200 https://registry.npmjs.org/util-deprecate 196ms (cache miss)
236 http fetch GET 200 https://registry.npmjs.org/process-nextick-args 212ms (cache miss)
237 http fetch GET 200 https://registry.npmjs.org/core-util-is 349ms (cache miss)
238 timing idealTree:node_modules/bl Completed in 351ms
239 silly placeDep ROOT function-bind@1.1.1 OK for: call-bind@1.0.2 want: ^1.1.1
240 silly placeDep ROOT get-intrinsic@1.2.1 OK for: call-bind@1.0.2 want: ^1.0.2
241 timing idealTree:node_modules/call-bind Completed in 2ms
242 silly placeDep ROOT ms@2.1.3 OK for: debug@3.2.7 want: ^2.1.1
243 timing idealTree:node_modules/debug Completed in 0ms
244 silly placeDep ROOT define-data-property@1.1.0 OK for: define-properties@1.2.1 want: ^1.0.1
245 silly placeDep ROOT has-property-descriptors@1.0.0 OK for: define-properties@1.2.1 want: ^1.0.0
246 silly placeDep ROOT object-keys@1.1.1 OK for: define-properties@1.2.1 want: ^1.1.1
247 timing idealTree:node_modules/define-properties Completed in 3ms
248 silly placeDep ROOT gopd@1.0.1 OK for: define-data-property@1.1.0 want: ^1.0.1
249 timing idealTree:node_modules/define-data-property Completed in 1ms
250 silly placeDep ROOT array-buffer-byte-length@1.0.0 OK for: es-abstract@1.22.1 want: ^1.0.0
251 silly fetch manifest is-array-buffer@^3.0.1
252 silly placeDep ROOT arraybuffer.prototype.slice@1.0.2 OK for: es-abstract@1.22.1 want: ^1.0.1
253 silly placeDep ROOT available-typed-arrays@1.0.5 OK for: es-abstract@1.22.1 want: ^1.0.5
254 silly placeDep ROOT es-set-tostringtag@2.0.1 OK for: es-abstract@1.22.1 want: ^2.0.1
255 silly fetch manifest has-tostringtag@^1.0.0
256 silly placeDep ROOT es-to-primitive@1.2.1 OK for: es-abstract@1.22.1 want: ^1.2.1
257 silly fetch manifest is-callable@^1.1.4
258 silly fetch manifest is-date-object@^1.0.1
259 silly fetch manifest is-symbol@^1.0.2
260 silly placeDep ROOT function.prototype.name@1.1.6 OK for: es-abstract@1.22.1 want: ^1.1.5
261 silly fetch manifest functions-have-names@^1.2.3
262 silly placeDep ROOT get-symbol-description@1.0.0 OK for: es-abstract@1.22.1 want: ^1.0.0
263 silly placeDep ROOT globalthis@1.0.3 OK for: es-abstract@1.22.1 want: ^1.0.3
264 silly placeDep ROOT has@1.0.3 OK for: es-abstract@1.22.1 want: ^1.0.3
265 silly placeDep ROOT has-proto@1.0.1 OK for: es-abstract@1.22.1 want: ^1.0.1
266 silly placeDep ROOT has-symbols@1.0.3 OK for: es-abstract@1.22.1 want: ^1.0.3
267 silly placeDep ROOT internal-slot@1.0.5 OK for: es-abstract@1.22.1 want: ^1.0.5
268 silly fetch manifest side-channel@^1.0.4
269 silly placeDep ROOT is-array-buffer@3.0.2 OK for: es-abstract@1.22.1 want: ^3.0.2
270 silly placeDep ROOT is-callable@1.2.7 OK for: es-abstract@1.22.1 want: ^1.2.7
271 silly placeDep ROOT is-negative-zero@2.0.2 OK for: es-abstract@1.22.1 want: ^2.0.2
272 silly placeDep ROOT is-regex@1.1.4 OK for: es-abstract@1.22.1 want: ^1.1.4
273 silly placeDep ROOT is-shared-array-buffer@1.0.2 OK for: es-abstract@1.22.1 want: ^1.0.2
274 silly placeDep ROOT is-string@1.0.7 OK for: es-abstract@1.22.1 want: ^1.0.7
275 silly placeDep ROOT is-typed-array@1.1.12 OK for: es-abstract@1.22.1 want: ^1.1.10
276 silly fetch manifest which-typed-array@^1.1.11
277 silly placeDep ROOT is-weakref@1.0.2 OK for: es-abstract@1.22.1 want: ^1.0.2
278 silly placeDep ROOT object-inspect@1.12.3 OK for: es-abstract@1.22.1 want: ^1.12.3
279 silly placeDep ROOT object.assign@4.1.4 OK for: es-abstract@1.22.1 want: ^4.1.4
280 silly placeDep ROOT regexp.prototype.flags@1.5.1 OK for: es-abstract@1.22.1 want: ^1.5.0
281 silly fetch manifest set-function-name@^2.0.0
282 silly placeDep ROOT safe-array-concat@1.0.1 OK for: es-abstract@1.22.1 want: ^1.0.0
283 silly fetch manifest isarray@^2.0.5
284 silly placeDep ROOT safe-regex-test@1.0.0 OK for: es-abstract@1.22.1 want: ^1.0.0
285 silly placeDep ROOT string.prototype.trim@1.2.8 OK for: es-abstract@1.22.1 want: ^1.2.7
286 silly placeDep ROOT string.prototype.trimend@1.0.7 OK for: es-abstract@1.22.1 want: ^1.0.6
287 silly placeDep ROOT string.prototype.trimstart@1.0.7 OK for: es-abstract@1.22.1 want: ^1.0.6
288 silly placeDep ROOT typed-array-buffer@1.0.0 OK for: es-abstract@1.22.1 want: ^1.0.0
289 silly placeDep ROOT typed-array-byte-length@1.0.0 OK for: es-abstract@1.22.1 want: ^1.0.0
290 silly fetch manifest for-each@^0.3.3
291 silly placeDep ROOT typed-array-byte-offset@1.0.0 OK for: es-abstract@1.22.1 want: ^1.0.0
292 silly placeDep ROOT typed-array-length@1.0.4 OK for: es-abstract@1.22.1 want: ^1.0.4
293 silly placeDep ROOT unbox-primitive@1.0.2 OK for: es-abstract@1.22.1 want: ^1.0.2
294 silly fetch manifest has-bigints@^1.0.2
295 silly fetch manifest which-boxed-primitive@^1.0.2
296 silly placeDep ROOT which-typed-array@1.1.11 OK for: es-abstract@1.22.1 want: ^1.1.10
297 http fetch GET 200 https://registry.npmjs.org/is-symbol 217ms (cache miss)
298 http fetch GET 200 https://registry.npmjs.org/is-date-object 218ms (cache miss)
299 http fetch GET 200 https://registry.npmjs.org/has-bigints 196ms (cache miss)
300 http fetch GET 200 https://registry.npmjs.org/set-function-name 212ms (cache miss)
301 http fetch GET 200 https://registry.npmjs.org/for-each 206ms (cache miss)
302 http fetch GET 200 https://registry.npmjs.org/side-channel 222ms (cache miss)
303 http fetch GET 200 https://registry.npmjs.org/which-boxed-primitive 204ms (cache miss)
304 http fetch GET 200 https://registry.npmjs.org/functions-have-names 231ms (cache miss)
305 http fetch GET 200 https://registry.npmjs.org/has-tostringtag 358ms (cache miss)
306 timing idealTree:node_modules/es-abstract Completed in 371ms
307 timing idealTree:node_modules/array-buffer-byte-length Completed in 0ms
308 timing idealTree:node_modules/arraybuffer.prototype.slice Completed in 0ms
309 timing idealTree:node_modules/available-typed-arrays Completed in 0ms
310 silly placeDep ROOT has-tostringtag@1.0.0 OK for: es-set-tostringtag@2.0.1 want: ^1.0.0
311 timing idealTree:node_modules/es-set-tostringtag Completed in 1ms
312 timing idealTree:node_modules/es-shim-unscopables Completed in 0ms
313 silly placeDep ROOT is-date-object@1.0.5 OK for: es-to-primitive@1.2.1 want: ^1.0.1
314 silly placeDep ROOT is-symbol@1.0.4 OK for: es-to-primitive@1.2.1 want: ^1.0.2
315 timing idealTree:node_modules/es-to-primitive Completed in 2ms
316 timing idealTree:node_modules/eventemitter3 Completed in 0ms
317 timing idealTree:node_modules/file-type Completed in 0ms
318 timing idealTree:node_modules/function-bind Completed in 0ms
319 silly placeDep ROOT functions-have-names@1.2.3 OK for: function.prototype.name@1.1.6 want: ^1.2.3
320 timing idealTree:node_modules/function.prototype.name Completed in 1ms
321 timing idealTree:node_modules/functions-have-names Completed in 0ms
322 timing idealTree:node_modules/get-intrinsic Completed in 0ms
323 timing idealTree:node_modules/get-symbol-description Completed in 0ms
324 timing idealTree:node_modules/globalthis Completed in 0ms
325 timing idealTree:node_modules/gopd Completed in 0ms
326 timing idealTree:node_modules/has Completed in 0ms
327 timing idealTree:node_modules/has-property-descriptors Completed in 0ms
328 timing idealTree:node_modules/has-proto Completed in 0ms
329 timing idealTree:node_modules/has-symbols Completed in 0ms
330 timing idealTree:node_modules/has-tostringtag Completed in 0ms
331 silly placeDep ROOT side-channel@1.0.4 OK for: internal-slot@1.0.5 want: ^1.0.4
332 timing idealTree:node_modules/internal-slot Completed in 1ms
333 timing idealTree:node_modules/is-array-buffer Completed in 0ms
334 timing idealTree:node_modules/is-callable Completed in 0ms
335 timing idealTree:node_modules/is-date-object Completed in 0ms
336 timing idealTree:node_modules/is-negative-zero Completed in 0ms
337 timing idealTree:node_modules/is-regex Completed in 0ms
338 timing idealTree:node_modules/is-shared-array-buffer Completed in 0ms
339 timing idealTree:node_modules/is-string Completed in 0ms
340 timing idealTree:node_modules/is-symbol Completed in 0ms
341 timing idealTree:node_modules/is-typed-array Completed in 0ms
342 timing idealTree:node_modules/is-weakref Completed in 0ms
343 timing idealTree:node_modules/mime Completed in 0ms
344 timing idealTree:node_modules/ms Completed in 0ms
345 timing idealTree:node_modules/object-inspect Completed in 0ms
346 timing idealTree:node_modules/object-keys Completed in 0ms
347 timing idealTree:node_modules/object.assign Completed in 0ms
348 silly placeDep ROOT end-of-stream@1.4.4 OK for: pump@2.0.1 want: ^1.1.0
349 silly fetch manifest once@^1.4.0
350 silly placeDep ROOT once@1.4.0 OK for: pump@2.0.1 want: ^1.3.1
351 silly fetch manifest wrappy@1
352 http fetch GET 200 https://registry.npmjs.org/wrappy 359ms (cache miss)
353 timing idealTree:node_modules/pump Completed in 362ms
354 timing idealTree:node_modules/end-of-stream Completed in 0ms
355 silly placeDep ROOT wrappy@1.0.2 OK for: once@1.4.0 want: 1
356 timing idealTree:node_modules/once Completed in 0ms
357 silly placeDep ROOT core-util-is@1.0.3 OK for: readable-stream@2.3.8 want: ~1.0.0
358 silly placeDep ROOT inherits@2.0.4 OK for: readable-stream@2.3.8 want: ~2.0.3
359 silly placeDep ROOT isarray@1.0.0 OK for: readable-stream@2.3.8 want: ~1.0.0
360 silly placeDep ROOT process-nextick-args@2.0.1 OK for: readable-stream@2.3.8 want: ~2.0.0
361 silly placeDep node_modules/readable-stream safe-buffer@5.1.2 OK for: readable-stream@2.3.8 want: ~5.1.1
362 silly placeDep ROOT string_decoder@1.1.1 OK for: readable-stream@2.3.8 want: ~1.1.1
363 silly fetch manifest safe-buffer@~5.1.0
364 silly placeDep ROOT util-deprecate@1.0.2 OK for: readable-stream@2.3.8 want: ~1.0.1
365 timing idealTree:node_modules/readable-stream Completed in 5ms
366 timing idealTree:node_modules/core-util-is Completed in 0ms
367 timing idealTree:node_modules/inherits Completed in 0ms
368 timing idealTree:node_modules/isarray Completed in 0ms
369 timing idealTree:node_modules/process-nextick-args Completed in 0ms
370 silly placeDep ROOT set-function-name@2.0.1 OK for: regexp.prototype.flags@1.5.1 want: ^2.0.0
371 timing idealTree:node_modules/regexp.prototype.flags Completed in 1ms
372 silly placeDep ROOT aws-sign2@0.7.0 OK for: request@2.88.2 want: ~0.7.0
373 silly placeDep ROOT aws4@1.12.0 OK for: request@2.88.2 want: ^1.8.0
374 silly placeDep ROOT caseless@0.12.0 OK for: request@2.88.2 want: ~0.12.0
375 silly placeDep ROOT combined-stream@1.0.8 OK for: request@2.88.2 want: ~1.0.6
376 silly fetch manifest delayed-stream@~1.0.0
377 silly placeDep ROOT extend@3.0.2 OK for: request@2.88.2 want: ~3.0.2
378 silly placeDep ROOT forever-agent@0.6.1 OK for: request@2.88.2 want: ~0.6.1
379 silly placeDep ROOT form-data@2.3.3 OK for: request@2.88.2 want: ~2.3.2
380 silly fetch manifest asynckit@^0.4.0
381 silly fetch manifest mime-types@^2.1.12
382 silly placeDep ROOT har-validator@5.1.5 OK for: request@2.88.2 want: ~5.1.3
383 silly fetch manifest ajv@^6.12.3
384 silly fetch manifest har-schema@^2.0.0
385 silly placeDep ROOT http-signature@1.2.0 OK for: request@2.88.2 want: ~1.2.0
386 silly fetch manifest assert-plus@^1.0.0
387 silly fetch manifest jsprim@^1.2.2
388 silly fetch manifest sshpk@^1.7.0
389 silly placeDep ROOT is-typedarray@1.0.0 OK for: request@2.88.2 want: ~1.0.0
390 silly placeDep ROOT isstream@0.1.2 OK for: request@2.88.2 want: ~0.1.2
391 silly placeDep ROOT json-stringify-safe@5.0.1 OK for: request@2.88.2 want: ~5.0.1
392 silly placeDep ROOT mime-types@2.1.35 OK for: request@2.88.2 want: ~2.1.19
393 silly fetch manifest mime-db@1.52.0
394 silly placeDep ROOT oauth-sign@0.9.0 OK for: request@2.88.2 want: ~0.9.0
395 silly placeDep ROOT performance-now@2.1.0 OK for: request@2.88.2 want: ^2.1.0
396 silly placeDep ROOT qs@6.5.3 OK for: request@2.88.2 want: ~6.5.2
397 silly placeDep ROOT tough-cookie@2.5.0 OK for: request@2.88.2 want: ~2.5.0
398 silly fetch manifest psl@^1.1.28
399 silly fetch manifest punycode@^2.1.1
400 silly placeDep ROOT tunnel-agent@0.6.0 OK for: request@2.88.2 want: ^0.6.0
401 silly placeDep ROOT uuid@3.4.0 OK for: request@2.88.2 want: ^3.3.2
402 http fetch GET 200 https://registry.npmjs.org/har-schema 205ms (cache miss)
403 http fetch GET 200 https://registry.npmjs.org/jsprim 207ms (cache miss)
404 http fetch GET 200 https://registry.npmjs.org/assert-plus 209ms (cache miss)
405 http fetch GET 200 https://registry.npmjs.org/psl 203ms (cache miss)
406 http fetch GET 200 https://registry.npmjs.org/asynckit 213ms (cache miss)
407 http fetch GET 200 https://registry.npmjs.org/delayed-stream 216ms (cache miss)
408 http fetch GET 200 https://registry.npmjs.org/punycode 352ms (cache miss)
409 http fetch GET 200 https://registry.npmjs.org/sshpk 362ms (cache miss)
410 http fetch GET 200 https://registry.npmjs.org/mime-db 360ms (cache miss)
411 http fetch GET 200 https://registry.npmjs.org/ajv 695ms (cache miss)
412 timing idealTree:node_modules/request Completed in 708ms
413 timing idealTree:node_modules/aws-sign2 Completed in 0ms
414 timing idealTree:node_modules/aws4 Completed in 0ms
415 timing idealTree:node_modules/caseless Completed in 0ms
416 silly placeDep ROOT delayed-stream@1.0.0 OK for: combined-stream@1.0.8 want: ~1.0.0
417 timing idealTree:node_modules/combined-stream Completed in 1ms
418 timing idealTree:node_modules/delayed-stream Completed in 0ms
419 timing idealTree:node_modules/extend Completed in 0ms
420 timing idealTree:node_modules/forever-agent Completed in 0ms
421 silly placeDep ROOT asynckit@0.4.0 OK for: form-data@2.3.3 want: ^0.4.0
422 timing idealTree:node_modules/form-data Completed in 1ms
423 timing idealTree:node_modules/asynckit Completed in 0ms
424 silly placeDep ROOT ajv@6.12.6 OK for: har-validator@5.1.5 want: ^6.12.3
425 silly fetch manifest fast-deep-equal@^3.1.1
426 silly fetch manifest fast-json-stable-stringify@^2.0.0
427 silly fetch manifest json-schema-traverse@^0.4.1
428 silly fetch manifest uri-js@^4.2.2
429 silly placeDep ROOT har-schema@2.0.0 OK for: har-validator@5.1.5 want: ^2.0.0
430 http fetch GET 200 https://registry.npmjs.org/fast-deep-equal 197ms (cache miss)
431 http fetch GET 200 https://registry.npmjs.org/json-schema-traverse 202ms (cache miss)
432 http fetch GET 200 https://registry.npmjs.org/uri-js 208ms (cache miss)
433 http fetch GET 200 https://registry.npmjs.org/fast-json-stable-stringify 354ms (cache miss)
434 timing idealTree:node_modules/har-validator Completed in 356ms
435 silly placeDep ROOT fast-deep-equal@3.1.3 OK for: ajv@6.12.6 want: ^3.1.1
436 silly placeDep ROOT fast-json-stable-stringify@2.1.0 OK for: ajv@6.12.6 want: ^2.0.0
437 silly placeDep ROOT json-schema-traverse@0.4.1 OK for: ajv@6.12.6 want: ^0.4.1
438 silly placeDep ROOT uri-js@4.4.1 OK for: ajv@6.12.6 want: ^4.2.2
439 silly fetch manifest punycode@^2.1.0
440 timing idealTree:node_modules/ajv Completed in 2ms
441 timing idealTree:node_modules/fast-deep-equal Completed in 0ms
442 timing idealTree:node_modules/fast-json-stable-stringify Completed in 0ms
443 timing idealTree:node_modules/har-schema Completed in 0ms
444 silly placeDep ROOT assert-plus@1.0.0 OK for: http-signature@1.2.0 want: ^1.0.0
445 silly placeDep ROOT jsprim@1.4.2 OK for: http-signature@1.2.0 want: ^1.2.2
446 silly fetch manifest extsprintf@1.3.0
447 silly fetch manifest json-schema@0.4.0
448 silly fetch manifest verror@1.10.0
449 silly placeDep ROOT sshpk@1.17.0 OK for: http-signature@1.2.0 want: ^1.7.0
450 silly fetch manifest asn1@~0.2.3
451 silly fetch manifest dashdash@^1.12.0
452 silly fetch manifest getpass@^0.1.1
453 silly fetch manifest safer-buffer@^2.0.2
454 silly fetch manifest jsbn@~0.1.0
455 silly fetch manifest tweetnacl@~0.14.0
456 silly fetch manifest ecc-jsbn@~0.1.1
457 silly fetch manifest bcrypt-pbkdf@^1.0.0
458 http fetch GET 200 https://registry.npmjs.org/bcrypt-pbkdf 201ms (cache miss)
459 http fetch GET 200 https://registry.npmjs.org/getpass 204ms (cache miss)
460 http fetch GET 200 https://registry.npmjs.org/tweetnacl 203ms (cache miss)
461 http fetch GET 200 https://registry.npmjs.org/json-schema 208ms (cache miss)
462 http fetch GET 200 https://registry.npmjs.org/safer-buffer 205ms (cache miss)
463 http fetch GET 200 https://registry.npmjs.org/verror 210ms (cache miss)
464 http fetch GET 200 https://registry.npmjs.org/jsbn 208ms (cache miss)
465 http fetch GET 200 https://registry.npmjs.org/asn1 210ms (cache miss)
466 http fetch GET 200 https://registry.npmjs.org/dashdash 216ms (cache miss)
467 http fetch GET 200 https://registry.npmjs.org/extsprintf 335ms (cache miss)
468 http fetch GET 200 https://registry.npmjs.org/ecc-jsbn 351ms (cache miss)
469 timing idealTree:node_modules/http-signature Completed in 358ms
470 timing idealTree:node_modules/assert-plus Completed in 0ms
471 timing idealTree:node_modules/is-typedarray Completed in 0ms
472 timing idealTree:node_modules/isstream Completed in 0ms
473 timing idealTree:node_modules/json-schema-traverse Completed in 0ms
474 timing idealTree:node_modules/json-stringify-safe Completed in 0ms
475 silly placeDep ROOT extsprintf@1.3.0 OK for: jsprim@1.4.2 want: 1.3.0
476 silly placeDep ROOT json-schema@0.4.0 OK for: jsprim@1.4.2 want: 0.4.0
477 silly placeDep ROOT verror@1.10.0 OK for: jsprim@1.4.2 want: 1.10.0
478 silly fetch manifest core-util-is@1.0.2
479 timing idealTree:node_modules/jsprim Completed in 2ms
480 timing idealTree:node_modules/extsprintf Completed in 0ms
481 timing idealTree:node_modules/json-schema Completed in 0ms
482 silly placeDep ROOT mime-db@1.52.0 OK for: mime-types@2.1.35 want: 1.52.0
483 timing idealTree:node_modules/mime-types Completed in 1ms
484 timing idealTree:node_modules/mime-db Completed in 0ms
485 timing idealTree:node_modules/oauth-sign Completed in 0ms
486 timing idealTree:node_modules/performance-now Completed in 0ms
487 timing idealTree:node_modules/qs Completed in 0ms
488 silly fetch manifest request@^2.34
489 silly placeDep ROOT bluebird@3.7.2 OK for: request-promise@4.2.6 want: ^3.5.0
490 silly placeDep ROOT request-promise-core@1.1.4 OK for: request-promise@4.2.6 want: 1.1.4
491 silly fetch manifest lodash@^4.17.19
492 silly placeDep ROOT stealthy-require@1.1.1 OK for: request-promise@4.2.6 want: ^1.1.1
493 http fetch GET 200 https://registry.npmjs.org/lodash 357ms (cache miss)
494 timing idealTree:node_modules/request-promise Completed in 360ms
495 timing idealTree:node_modules/bluebird Completed in 0ms
496 silly placeDep ROOT lodash@4.17.21 OK for: request-promise-core@1.1.4 want: ^4.17.19
497 timing idealTree:node_modules/request-promise-core Completed in 1ms
498 timing idealTree:node_modules/lodash Completed in 0ms
499 silly placeDep node_modules/safe-array-concat isarray@2.0.5 OK for: safe-array-concat@1.0.1 want: ^2.0.5
500 timing idealTree:node_modules/safe-array-concat Completed in 1ms
501 timing idealTree:node_modules/safe-buffer Completed in 0ms
502 timing idealTree:node_modules/safe-regex-test Completed in 0ms
503 timing idealTree:node_modules/set-function-name Completed in 0ms
504 timing idealTree:node_modules/side-channel Completed in 0ms
505 silly placeDep ROOT asn1@0.2.6 OK for: sshpk@1.17.0 want: ~0.2.3
506 silly fetch manifest safer-buffer@~2.1.0
507 silly placeDep ROOT bcrypt-pbkdf@1.0.2 OK for: sshpk@1.17.0 want: ^1.0.0
508 silly fetch manifest tweetnacl@^0.14.3
509 silly placeDep ROOT dashdash@1.14.1 OK for: sshpk@1.17.0 want: ^1.12.0
510 silly placeDep ROOT ecc-jsbn@0.1.2 OK for: sshpk@1.17.0 want: ~0.1.1
511 silly fetch manifest safer-buffer@^2.1.0
512 silly placeDep ROOT getpass@0.1.7 OK for: sshpk@1.17.0 want: ^0.1.1
513 silly placeDep ROOT jsbn@0.1.1 OK for: sshpk@1.17.0 want: ~0.1.0
514 silly placeDep ROOT safer-buffer@2.1.2 OK for: sshpk@1.17.0 want: ^2.0.2
515 silly placeDep ROOT tweetnacl@0.14.5 OK for: sshpk@1.17.0 want: ~0.14.0
516 timing idealTree:node_modules/sshpk Completed in 6ms
517 timing idealTree:node_modules/asn1 Completed in 0ms
518 timing idealTree:node_modules/bcrypt-pbkdf Completed in 0ms
519 timing idealTree:node_modules/dashdash Completed in 0ms
520 timing idealTree:node_modules/ecc-jsbn Completed in 0ms
521 timing idealTree:node_modules/getpass Completed in 0ms
522 timing idealTree:node_modules/jsbn Completed in 0ms
523 timing idealTree:node_modules/safer-buffer Completed in 0ms
524 timing idealTree:node_modules/stealthy-require Completed in 0ms
525 silly placeDep node_modules/string_decoder safe-buffer@5.1.2 OK for: string_decoder@1.1.1 want: ~5.1.0
526 timing idealTree:node_modules/string_decoder Completed in 1ms
527 timing idealTree:node_modules/string.prototype.trim Completed in 0ms
528 timing idealTree:node_modules/string.prototype.trimend Completed in 0ms
529 timing idealTree:node_modules/string.prototype.trimstart Completed in 0ms
530 silly placeDep ROOT psl@1.9.0 OK for: tough-cookie@2.5.0 want: ^1.1.28
531 silly placeDep ROOT punycode@2.3.0 OK for: tough-cookie@2.5.0 want: ^2.1.1
532 timing idealTree:node_modules/tough-cookie Completed in 1ms
533 timing idealTree:node_modules/psl Completed in 0ms
534 timing idealTree:node_modules/punycode Completed in 0ms
535 timing idealTree:node_modules/tunnel-agent Completed in 0ms
536 timing idealTree:node_modules/tweetnacl Completed in 0ms
537 timing idealTree:node_modules/typed-array-buffer Completed in 0ms
538 silly placeDep ROOT for-each@0.3.3 OK for: typed-array-byte-length@1.0.0 want: ^0.3.3
539 timing idealTree:node_modules/typed-array-byte-length Completed in 1ms
540 timing idealTree:node_modules/for-each Completed in 0ms
541 timing idealTree:node_modules/typed-array-byte-offset Completed in 0ms
542 timing idealTree:node_modules/typed-array-length Completed in 0ms
543 silly placeDep ROOT has-bigints@1.0.2 OK for: unbox-primitive@1.0.2 want: ^1.0.2
544 silly placeDep ROOT which-boxed-primitive@1.0.2 OK for: unbox-primitive@1.0.2 want: ^1.0.2
545 silly fetch manifest is-bigint@^1.0.1
546 silly fetch manifest is-boolean-object@^1.1.0
547 silly fetch manifest is-number-object@^1.0.4
548 http fetch GET 200 https://registry.npmjs.org/is-number-object 189ms (cache miss)
549 http fetch GET 200 https://registry.npmjs.org/is-bigint 199ms (cache miss)
550 http fetch GET 200 https://registry.npmjs.org/is-boolean-object 348ms (cache miss)
551 timing idealTree:node_modules/unbox-primitive Completed in 351ms
552 timing idealTree:node_modules/has-bigints Completed in 0ms
553 timing idealTree:node_modules/uri-js Completed in 0ms
554 timing idealTree:node_modules/util-deprecate Completed in 0ms
555 timing idealTree:node_modules/uuid Completed in 0ms
556 silly placeDep node_modules/verror core-util-is@1.0.2 OK for: verror@1.10.0 want: 1.0.2
557 timing idealTree:node_modules/verror Completed in 1ms
558 silly placeDep ROOT is-bigint@1.0.4 OK for: which-boxed-primitive@1.0.2 want: ^1.0.1
559 silly placeDep ROOT is-boolean-object@1.1.2 OK for: which-boxed-primitive@1.0.2 want: ^1.1.0
560 silly placeDep ROOT is-number-object@1.0.7 OK for: which-boxed-primitive@1.0.2 want: ^1.0.4
561 timing idealTree:node_modules/which-boxed-primitive Completed in 2ms
562 timing idealTree:node_modules/is-bigint Completed in 0ms
563 timing idealTree:node_modules/is-boolean-object Completed in 0ms
564 timing idealTree:node_modules/is-number-object Completed in 0ms
565 timing idealTree:node_modules/which-typed-array Completed in 0ms
566 timing idealTree:node_modules/wrappy Completed in 0ms
567 timing idealTree:node_modules/readable-stream/node_modules/safe-buffer Completed in 0ms
568 timing idealTree:node_modules/safe-array-concat/node_modules/isarray Completed in 0ms
569 timing idealTree:node_modules/string_decoder/node_modules/safe-buffer Completed in 0ms
570 timing idealTree:node_modules/verror/node_modules/core-util-is Completed in 0ms
571 timing idealTree:buildDeps Completed in 10665ms
572 timing idealTree:fixDepFlags Completed in 2ms
573 timing idealTree Completed in 10681ms
574 timing reify:loadTrees Completed in 10681ms
575 timing reify:diffTrees Completed in 1ms
576 silly reify moves {}
577 timing reify:retireShallow Completed in 0ms
578 timing reify:createSparse Completed in 20ms
579 timing reify:loadBundles Completed in 0ms
580 silly tarball no local data for is-number-object@https://registry.npmjs.org/is-number-object/-/is-number-object-1.0.7.tgz. Extracting by manifest.
581 silly tarball no local data for is-bigint@https://registry.npmjs.org/is-bigint/-/is-bigint-1.0.4.tgz. Extracting by manifest.
582 silly tarball no local data for which-boxed-primitive@https://registry.npmjs.org/which-boxed-primitive/-/which-boxed-primitive-1.0.2.tgz. Extracting by manifest.
583 silly tarball no local data for has-bigints@https://registry.npmjs.org/has-bigints/-/has-bigints-1.0.2.tgz. Extracting by manifest.
584 silly tarball no local data for for-each@https://registry.npmjs.org/for-each/-/for-each-0.3.3.tgz. Extracting by manifest.
585 silly tarball no local data for punycode@https://registry.npmjs.org/punycode/-/punycode-2.3.0.tgz. Extracting by manifest.
586 silly tarball no local data for psl@https://registry.npmjs.org/psl/-/psl-1.9.0.tgz. Extracting by manifest.
587 silly tarball no local data for tweetnacl@https://registry.npmjs.org/tweetnacl/-/tweetnacl-0.14.5.tgz. Extracting by manifest.
588 silly tarball no local data for safer-buffer@https://registry.npmjs.org/safer-buffer/-/safer-buffer-2.1.2.tgz. Extracting by manifest.
589 silly tarball no local data for jsbn@https://registry.npmjs.org/jsbn/-/jsbn-0.1.1.tgz. Extracting by manifest.
590 silly tarball no local data for is-boolean-object@https://registry.npmjs.org/is-boolean-object/-/is-boolean-object-1.1.2.tgz. Extracting by manifest.
591 silly tarball no local data for ecc-jsbn@https://registry.npmjs.org/ecc-jsbn/-/ecc-jsbn-0.1.2.tgz. Extracting by manifest.
592 silly tarball no local data for dashdash@https://registry.npmjs.org/dashdash/-/dashdash-1.14.1.tgz. Extracting by manifest.
593 silly tarball no local data for getpass@https://registry.npmjs.org/getpass/-/getpass-0.1.7.tgz. Extracting by manifest.
594 silly tarball no local data for bcrypt-pbkdf@https://registry.npmjs.org/bcrypt-pbkdf/-/bcrypt-pbkdf-1.0.2.tgz. Extracting by manifest.
595 silly tarball no local data for asn1@https://registry.npmjs.org/asn1/-/asn1-0.2.6.tgz. Extracting by manifest.
596 silly tarball no local data for lodash@https://registry.npmjs.org/lodash/-/lodash-4.17.21.tgz. Extracting by manifest.
597 silly tarball no local data for stealthy-require@https://registry.npmjs.org/stealthy-require/-/stealthy-require-1.1.1.tgz. Extracting by manifest.
598 silly tarball no local data for request-promise-core@https://registry.npmjs.org/request-promise-core/-/request-promise-core-1.1.4.tgz. Extracting by manifest.
599 silly tarball no local data for bluebird@https://registry.npmjs.org/bluebird/-/bluebird-3.7.2.tgz. Extracting by manifest.
600 silly tarball no local data for mime-db@https://registry.npmjs.org/mime-db/-/mime-db-1.52.0.tgz. Extracting by manifest.
601 silly tarball no local data for verror@https://registry.npmjs.org/verror/-/verror-1.10.0.tgz. Extracting by manifest.
602 silly tarball no local data for json-schema@https://registry.npmjs.org/json-schema/-/json-schema-0.4.0.tgz. Extracting by manifest.
603 silly tarball no local data for extsprintf@https://registry.npmjs.org/extsprintf/-/extsprintf-1.3.0.tgz. Extracting by manifest.
604 silly tarball no local data for sshpk@https://registry.npmjs.org/sshpk/-/sshpk-1.17.0.tgz. Extracting by manifest.
605 silly tarball no local data for jsprim@https://registry.npmjs.org/jsprim/-/jsprim-1.4.2.tgz. Extracting by manifest.
606 silly tarball no local data for uri-js@https://registry.npmjs.org/uri-js/-/uri-js-4.4.1.tgz. Extracting by manifest.
607 silly tarball no local data for json-schema-traverse@https://registry.npmjs.org/json-schema-traverse/-/json-schema-traverse-0.4.1.tgz. Extracting by manifest.
608 silly tarball no local data for fast-json-stable-stringify@https://registry.npmjs.org/fast-json-stable-stringify/-/fast-json-stable-stringify-2.1.0.tgz. Extracting by manifest.
609 silly tarball no local data for fast-deep-equal@https://registry.npmjs.org/fast-deep-equal/-/fast-deep-equal-3.1.3.tgz. Extracting by manifest.
610 silly tarball no local data for har-schema@https://registry.npmjs.org/har-schema/-/har-schema-2.0.0.tgz. Extracting by manifest.
611 silly tarball no local data for ajv@https://registry.npmjs.org/ajv/-/ajv-6.12.6.tgz. Extracting by manifest.
612 silly tarball no local data for asynckit@https://registry.npmjs.org/asynckit/-/asynckit-0.4.0.tgz. Extracting by manifest.
613 silly tarball no local data for delayed-stream@https://registry.npmjs.org/delayed-stream/-/delayed-stream-1.0.0.tgz. Extracting by manifest.
614 silly tarball no local data for uuid@https://registry.npmjs.org/uuid/-/uuid-3.4.0.tgz. Extracting by manifest.
615 silly tarball no local data for tunnel-agent@https://registry.npmjs.org/tunnel-agent/-/tunnel-agent-0.6.0.tgz. Extracting by manifest.
616 silly tarball no local data for tough-cookie@https://registry.npmjs.org/tough-cookie/-/tough-cookie-2.5.0.tgz. Extracting by manifest.
617 silly tarball no local data for qs@https://registry.npmjs.org/qs/-/qs-6.5.3.tgz. Extracting by manifest.
618 silly tarball no local data for performance-now@https://registry.npmjs.org/performance-now/-/performance-now-2.1.0.tgz. Extracting by manifest.
619 silly tarball no local data for oauth-sign@https://registry.npmjs.org/oauth-sign/-/oauth-sign-0.9.0.tgz. Extracting by manifest.
620 silly tarball no local data for mime-types@https://registry.npmjs.org/mime-types/-/mime-types-2.1.35.tgz. Extracting by manifest.
621 silly tarball no local data for json-stringify-safe@https://registry.npmjs.org/json-stringify-safe/-/json-stringify-safe-5.0.1.tgz. Extracting by manifest.
622 silly tarball no local data for isstream@https://registry.npmjs.org/isstream/-/isstream-0.1.2.tgz. Extracting by manifest.
623 silly tarball no local data for is-typedarray@https://registry.npmjs.org/is-typedarray/-/is-typedarray-1.0.0.tgz. Extracting by manifest.
624 silly tarball no local data for http-signature@https://registry.npmjs.org/http-signature/-/http-signature-1.2.0.tgz. Extracting by manifest.
625 silly tarball no local data for har-validator@https://registry.npmjs.org/har-validator/-/har-validator-5.1.5.tgz. Extracting by manifest.
626 silly tarball no local data for assert-plus@https://registry.npmjs.org/assert-plus/-/assert-plus-1.0.0.tgz. Extracting by manifest.
627 silly tarball no local data for form-data@https://registry.npmjs.org/form-data/-/form-data-2.3.3.tgz. Extracting by manifest.
628 silly tarball no local data for combined-stream@https://registry.npmjs.org/combined-stream/-/combined-stream-1.0.8.tgz. Extracting by manifest.
629 silly tarball no local data for extend@https://registry.npmjs.org/extend/-/extend-3.0.2.tgz. Extracting by manifest.
630 silly tarball no local data for forever-agent@https://registry.npmjs.org/forever-agent/-/forever-agent-0.6.1.tgz. Extracting by manifest.
631 silly tarball no local data for caseless@https://registry.npmjs.org/caseless/-/caseless-0.12.0.tgz. Extracting by manifest.
632 silly tarball no local data for aws4@https://registry.npmjs.org/aws4/-/aws4-1.12.0.tgz. Extracting by manifest.
633 silly tarball no local data for aws-sign2@https://registry.npmjs.org/aws-sign2/-/aws-sign2-0.7.0.tgz. Extracting by manifest.
634 silly tarball no local data for set-function-name@https://registry.npmjs.org/set-function-name/-/set-function-name-2.0.1.tgz. Extracting by manifest.
635 silly tarball no local data for util-deprecate@https://registry.npmjs.org/util-deprecate/-/util-deprecate-1.0.2.tgz. Extracting by manifest.
636 silly tarball no local data for process-nextick-args@https://registry.npmjs.org/process-nextick-args/-/process-nextick-args-2.0.1.tgz. Extracting by manifest.
637 silly tarball no local data for inherits@https://registry.npmjs.org/inherits/-/inherits-2.0.4.tgz. Extracting by manifest.
638 silly tarball no local data for isarray@https://registry.npmjs.org/isarray/-/isarray-1.0.0.tgz. Extracting by manifest.
639 silly tarball no local data for core-util-is@https://registry.npmjs.org/core-util-is/-/core-util-is-1.0.3.tgz. Extracting by manifest.
640 silly tarball no local data for wrappy@https://registry.npmjs.org/wrappy/-/wrappy-1.0.2.tgz. Extracting by manifest.
641 silly tarball no local data for once@https://registry.npmjs.org/once/-/once-1.4.0.tgz. Extracting by manifest.
642 silly tarball no local data for end-of-stream@https://registry.npmjs.org/end-of-stream/-/end-of-stream-1.4.4.tgz. Extracting by manifest.
643 silly tarball no local data for side-channel@https://registry.npmjs.org/side-channel/-/side-channel-1.0.4.tgz. Extracting by manifest.
644 silly tarball no local data for functions-have-names@https://registry.npmjs.org/functions-have-names/-/functions-have-names-1.2.3.tgz. Extracting by manifest.
645 silly tarball no local data for is-symbol@https://registry.npmjs.org/is-symbol/-/is-symbol-1.0.4.tgz. Extracting by manifest.
646 silly tarball no local data for string_decoder@https://registry.npmjs.org/string_decoder/-/string_decoder-1.1.1.tgz. Extracting by manifest.
647 silly tarball no local data for is-date-object@https://registry.npmjs.org/is-date-object/-/is-date-object-1.0.5.tgz. Extracting by manifest.
648 silly tarball no local data for has-tostringtag@https://registry.npmjs.org/has-tostringtag/-/has-tostringtag-1.0.0.tgz. Extracting by manifest.
649 silly tarball no local data for which-typed-array@https://registry.npmjs.org/which-typed-array/-/which-typed-array-1.1.11.tgz. Extracting by manifest.
650 silly tarball no local data for typed-array-length@https://registry.npmjs.org/typed-array-length/-/typed-array-length-1.0.4.tgz. Extracting by manifest.
651 silly tarball no local data for typed-array-byte-offset@https://registry.npmjs.org/typed-array-byte-offset/-/typed-array-byte-offset-1.0.0.tgz. Extracting by manifest.
652 silly tarball no local data for unbox-primitive@https://registry.npmjs.org/unbox-primitive/-/unbox-primitive-1.0.2.tgz. Extracting by manifest.
653 silly tarball no local data for typed-array-byte-length@https://registry.npmjs.org/typed-array-byte-length/-/typed-array-byte-length-1.0.0.tgz. Extracting by manifest.
654 silly tarball no local data for typed-array-buffer@https://registry.npmjs.org/typed-array-buffer/-/typed-array-buffer-1.0.0.tgz. Extracting by manifest.
655 silly tarball no local data for string.prototype.trimstart@https://registry.npmjs.org/string.prototype.trimstart/-/string.prototype.trimstart-1.0.7.tgz. Extracting by manifest.
656 silly tarball no local data for string.prototype.trim@https://registry.npmjs.org/string.prototype.trim/-/string.prototype.trim-1.2.8.tgz. Extracting by manifest.
657 silly tarball no local data for string.prototype.trimend@https://registry.npmjs.org/string.prototype.trimend/-/string.prototype.trimend-1.0.7.tgz. Extracting by manifest.
658 silly tarball no local data for safe-regex-test@https://registry.npmjs.org/safe-regex-test/-/safe-regex-test-1.0.0.tgz. Extracting by manifest.
659 silly tarball no local data for safe-array-concat@https://registry.npmjs.org/safe-array-concat/-/safe-array-concat-1.0.1.tgz. Extracting by manifest.
660 silly tarball no local data for regexp.prototype.flags@https://registry.npmjs.org/regexp.prototype.flags/-/regexp.prototype.flags-1.5.1.tgz. Extracting by manifest.
661 silly tarball no local data for object.assign@https://registry.npmjs.org/object.assign/-/object.assign-4.1.4.tgz. Extracting by manifest.
662 silly tarball no local data for is-weakref@https://registry.npmjs.org/is-weakref/-/is-weakref-1.0.2.tgz. Extracting by manifest.
663 silly tarball no local data for is-typed-array@https://registry.npmjs.org/is-typed-array/-/is-typed-array-1.1.12.tgz. Extracting by manifest.
664 silly tarball no local data for is-shared-array-buffer@https://registry.npmjs.org/is-shared-array-buffer/-/is-shared-array-buffer-1.0.2.tgz. Extracting by manifest.
665 silly tarball no local data for is-regex@https://registry.npmjs.org/is-regex/-/is-regex-1.1.4.tgz. Extracting by manifest.
666 silly tarball no local data for is-string@https://registry.npmjs.org/is-string/-/is-string-1.0.7.tgz. Extracting by manifest.
667 silly tarball no local data for is-negative-zero@https://registry.npmjs.org/is-negative-zero/-/is-negative-zero-2.0.2.tgz. Extracting by manifest.
668 silly tarball no local data for is-callable@https://registry.npmjs.org/is-callable/-/is-callable-1.2.7.tgz. Extracting by manifest.
669 silly tarball no local data for is-array-buffer@https://registry.npmjs.org/is-array-buffer/-/is-array-buffer-3.0.2.tgz. Extracting by manifest.
670 silly tarball no local data for internal-slot@https://registry.npmjs.org/internal-slot/-/internal-slot-1.0.5.tgz. Extracting by manifest.
671 silly tarball no local data for has-symbols@https://registry.npmjs.org/has-symbols/-/has-symbols-1.0.3.tgz. Extracting by manifest.
672 silly tarball no local data for has-proto@https://registry.npmjs.org/has-proto/-/has-proto-1.0.1.tgz. Extracting by manifest.
673 silly tarball no local data for object-inspect@https://registry.npmjs.org/object-inspect/-/object-inspect-1.12.3.tgz. Extracting by manifest.
674 silly tarball no local data for globalthis@https://registry.npmjs.org/globalthis/-/globalthis-1.0.3.tgz. Extracting by manifest.
675 silly tarball no local data for has@https://registry.npmjs.org/has/-/has-1.0.3.tgz. Extracting by manifest.
676 silly tarball no local data for get-symbol-description@https://registry.npmjs.org/get-symbol-description/-/get-symbol-description-1.0.0.tgz. Extracting by manifest.
677 silly tarball no local data for function.prototype.name@https://registry.npmjs.org/function.prototype.name/-/function.prototype.name-1.1.6.tgz. Extracting by manifest.
678 silly tarball no local data for es-to-primitive@https://registry.npmjs.org/es-to-primitive/-/es-to-primitive-1.2.1.tgz. Extracting by manifest.
679 silly tarball no local data for es-set-tostringtag@https://registry.npmjs.org/es-set-tostringtag/-/es-set-tostringtag-2.0.1.tgz. Extracting by manifest.
680 silly tarball no local data for arraybuffer.prototype.slice@https://registry.npmjs.org/arraybuffer.prototype.slice/-/arraybuffer.prototype.slice-1.0.2.tgz. Extracting by manifest.
681 silly tarball no local data for array-buffer-byte-length@https://registry.npmjs.org/array-buffer-byte-length/-/array-buffer-byte-length-1.0.0.tgz. Extracting by manifest.
682 silly tarball no local data for gopd@https://registry.npmjs.org/gopd/-/gopd-1.0.1.tgz. Extracting by manifest.
683 silly tarball no local data for object-keys@https://registry.npmjs.org/object-keys/-/object-keys-1.1.1.tgz. Extracting by manifest.
684 silly tarball no local data for available-typed-arrays@https://registry.npmjs.org/available-typed-arrays/-/available-typed-arrays-1.0.5.tgz. Extracting by manifest.
685 silly tarball no local data for has-property-descriptors@https://registry.npmjs.org/has-property-descriptors/-/has-property-descriptors-1.0.0.tgz. Extracting by manifest.
686 silly tarball no local data for define-data-property@https://registry.npmjs.org/define-data-property/-/define-data-property-1.1.0.tgz. Extracting by manifest.
687 silly tarball no local data for ms@https://registry.npmjs.org/ms/-/ms-2.1.3.tgz. Extracting by manifest.
688 silly tarball no local data for get-intrinsic@https://registry.npmjs.org/get-intrinsic/-/get-intrinsic-1.2.1.tgz. Extracting by manifest.
689 silly tarball no local data for function-bind@https://registry.npmjs.org/function-bind/-/function-bind-1.1.1.tgz. Extracting by manifest.
690 silly tarball no local data for safe-buffer@https://registry.npmjs.org/safe-buffer/-/safe-buffer-5.2.1.tgz. Extracting by manifest.
691 silly tarball no local data for readable-stream@https://registry.npmjs.org/readable-stream/-/readable-stream-2.3.8.tgz. Extracting by manifest.
692 silly tarball no local data for es-shim-unscopables@https://registry.npmjs.org/es-shim-unscopables/-/es-shim-unscopables-1.0.0.tgz. Extracting by manifest.
693 silly tarball no local data for es-abstract@https://registry.npmjs.org/es-abstract/-/es-abstract-1.22.1.tgz. Extracting by manifest.
694 silly tarball no local data for define-properties@https://registry.npmjs.org/define-properties/-/define-properties-1.2.1.tgz. Extracting by manifest.
695 silly tarball no local data for call-bind@https://registry.npmjs.org/call-bind/-/call-bind-1.0.2.tgz. Extracting by manifest.
696 silly tarball no local data for request-promise@https://registry.npmjs.org/request-promise/-/request-promise-4.2.6.tgz. Extracting by manifest.
697 silly tarball no local data for request@https://registry.npmjs.org/request/-/request-2.88.2.tgz. Extracting by manifest.
698 silly tarball no local data for pump@https://registry.npmjs.org/pump/-/pump-2.0.1.tgz. Extracting by manifest.
699 silly tarball no local data for mime@https://registry.npmjs.org/mime/-/mime-1.6.0.tgz. Extracting by manifest.
700 silly tarball no local data for file-type@https://registry.npmjs.org/file-type/-/file-type-3.9.0.tgz. Extracting by manifest.
701 silly tarball no local data for eventemitter3@https://registry.npmjs.org/eventemitter3/-/eventemitter3-3.1.2.tgz. Extracting by manifest.
702 silly tarball no local data for debug@https://registry.npmjs.org/debug/-/debug-3.2.7.tgz. Extracting by manifest.
703 silly tarball no local data for bl@https://registry.npmjs.org/bl/-/bl-1.2.3.tgz. Extracting by manifest.
704 silly tarball no local data for array.prototype.findindex@https://registry.npmjs.org/array.prototype.findindex/-/array.prototype.findindex-2.2.2.tgz. Extracting by manifest.
705 silly tarball no local data for node-telegram-bot-api@https://registry.npmjs.org/node-telegram-bot-api/-/node-telegram-bot-api-0.63.0.tgz. Extracting by manifest.
706 silly tarball no local data for safe-buffer@https://registry.npmjs.org/safe-buffer/-/safe-buffer-5.1.2.tgz. Extracting by manifest.
707 silly tarball no local data for core-util-is@https://registry.npmjs.org/core-util-is/-/core-util-is-1.0.2.tgz. Extracting by manifest.
708 silly tarball no local data for isarray@https://registry.npmjs.org/isarray/-/isarray-2.0.5.tgz. Extracting by manifest.
709 silly tarball no local data for safe-buffer@https://registry.npmjs.org/safe-buffer/-/safe-buffer-5.1.2.tgz. Extracting by manifest.
710 http fetch GET 200 https://registry.npmjs.org/is-boolean-object/-/is-boolean-object-1.1.2.tgz 337ms (cache miss)
711 http fetch GET 200 https://registry.npmjs.org/has-bigints/-/has-bigints-1.0.2.tgz 342ms (cache miss)
712 timing reifyNode:node_modules/has-bigints Completed in 386ms
713 http fetch GET 200 https://registry.npmjs.org/getpass/-/getpass-0.1.7.tgz 337ms (cache miss)
714 timing reifyNode:node_modules/getpass Completed in 386ms
715 http fetch GET 200 https://registry.npmjs.org/safer-buffer/-/safer-buffer-2.1.2.tgz 341ms (cache miss)
716 timing reifyNode:node_modules/safer-buffer Completed in 387ms
717 http fetch GET 200 https://registry.npmjs.org/for-each/-/for-each-0.3.3.tgz 343ms (cache miss)
718 timing reifyNode:node_modules/for-each Completed in 388ms
719 http fetch GET 200 https://registry.npmjs.org/punycode/-/punycode-2.3.0.tgz 343ms (cache miss)
720 timing reifyNode:node_modules/punycode Completed in 389ms
721 http fetch GET 200 https://registry.npmjs.org/which-boxed-primitive/-/which-boxed-primitive-1.0.2.tgz 345ms (cache miss)
722 http fetch GET 200 https://registry.npmjs.org/jsbn/-/jsbn-0.1.1.tgz 341ms (cache miss)
723 timing reifyNode:node_modules/jsbn Completed in 389ms
724 timing reifyNode:node_modules/which-boxed-primitive Completed in 390ms
725 http fetch GET 200 https://registry.npmjs.org/is-number-object/-/is-number-object-1.0.7.tgz 348ms (cache miss)
726 timing reifyNode:node_modules/is-number-object Completed in 391ms
727 http fetch GET 200 https://registry.npmjs.org/is-bigint/-/is-bigint-1.0.4.tgz 348ms (cache miss)
728 timing reifyNode:node_modules/is-bigint Completed in 391ms
729 timing reifyNode:node_modules/is-boolean-object Completed in 392ms
730 http fetch GET 200 https://registry.npmjs.org/tweetnacl/-/tweetnacl-0.14.5.tgz 348ms (cache miss)
731 timing reifyNode:node_modules/tweetnacl Completed in 394ms
732 http fetch GET 200 https://registry.npmjs.org/dashdash/-/dashdash-1.14.1.tgz 346ms (cache miss)
733 timing reifyNode:node_modules/dashdash Completed in 394ms
734 http fetch GET 200 https://registry.npmjs.org/bcrypt-pbkdf/-/bcrypt-pbkdf-1.0.2.tgz 444ms (cache miss)
735 timing reifyNode:node_modules/bcrypt-pbkdf Completed in 493ms
736 http fetch GET 200 https://registry.npmjs.org/ecc-jsbn/-/ecc-jsbn-0.1.2.tgz 446ms (cache miss)
737 timing reifyNode:node_modules/ecc-jsbn Completed in 494ms
738 http fetch GET 200 https://registry.npmjs.org/psl/-/psl-1.9.0.tgz 450ms (cache miss)
739 timing reifyNode:node_modules/psl Completed in 496ms
740 http fetch GET 200 https://registry.npmjs.org/request-promise-core/-/request-promise-core-1.1.4.tgz 498ms (cache miss)
741 timing reifyNode:node_modules/request-promise-core Completed in 549ms
742 http fetch GET 200 https://registry.npmjs.org/stealthy-require/-/stealthy-require-1.1.1.tgz 501ms (cache miss)
743 timing reifyNode:node_modules/stealthy-require Completed in 551ms
744 http fetch GET 200 https://registry.npmjs.org/asn1/-/asn1-0.2.6.tgz 501ms (cache miss)
745 http fetch GET 200 https://registry.npmjs.org/verror/-/verror-1.10.0.tgz 499ms (cache miss)
746 timing reifyNode:node_modules/verror Completed in 551ms
747 timing reifyNode:node_modules/asn1 Completed in 552ms
748 http fetch GET 200 https://registry.npmjs.org/json-schema/-/json-schema-0.4.0.tgz 500ms (cache miss)
749 timing reifyNode:node_modules/json-schema Completed in 553ms
750 http fetch GET 200 https://registry.npmjs.org/extsprintf/-/extsprintf-1.3.0.tgz 599ms (cache miss)
751 timing reifyNode:node_modules/extsprintf Completed in 653ms
752 http fetch GET 200 https://registry.npmjs.org/mime-db/-/mime-db-1.52.0.tgz 603ms (cache miss)
753 timing reifyNode:node_modules/mime-db Completed in 655ms
754 http fetch GET 200 https://registry.npmjs.org/jsprim/-/jsprim-1.4.2.tgz 642ms (cache miss)
755 timing reifyNode:node_modules/jsprim Completed in 696ms
756 http fetch GET 200 https://registry.npmjs.org/json-schema-traverse/-/json-schema-traverse-0.4.1.tgz 651ms (cache miss)
757 timing reifyNode:node_modules/json-schema-traverse Completed in 706ms
758 http fetch GET 200 https://registry.npmjs.org/fast-deep-equal/-/fast-deep-equal-3.1.3.tgz 652ms (cache miss)
759 timing reifyNode:node_modules/fast-deep-equal Completed in 708ms
760 http fetch GET 200 https://registry.npmjs.org/sshpk/-/sshpk-1.17.0.tgz 661ms (cache miss)
761 timing reifyNode:node_modules/sshpk Completed in 716ms
762 http fetch GET 200 https://registry.npmjs.org/bluebird/-/bluebird-3.7.2.tgz 669ms (cache miss)
763 timing reifyNode:node_modules/bluebird Completed in 720ms
764 http fetch GET 200 https://registry.npmjs.org/fast-json-stable-stringify/-/fast-json-stable-stringify-2.1.0.tgz 762ms (cache miss)
765 timing reifyNode:node_modules/fast-json-stable-stringify Completed in 822ms
766 http fetch GET 200 https://registry.npmjs.org/uri-js/-/uri-js-4.4.1.tgz 776ms (cache miss)
767 timing reifyNode:node_modules/uri-js Completed in 831ms
768 http fetch GET 200 https://registry.npmjs.org/uuid/-/uuid-3.4.0.tgz 809ms (cache miss)
769 http fetch GET 200 https://registry.npmjs.org/delayed-stream/-/delayed-stream-1.0.0.tgz 811ms (cache miss)
770 timing reifyNode:node_modules/delayed-stream Completed in 872ms
771 http fetch GET 200 https://registry.npmjs.org/har-schema/-/har-schema-2.0.0.tgz 817ms (cache miss)
772 http fetch GET 200 https://registry.npmjs.org/asynckit/-/asynckit-0.4.0.tgz 813ms (cache miss)
773 timing reifyNode:node_modules/asynckit Completed in 877ms
774 warn deprecated uuid@3.4.0: Please upgrade  to version 7 or higher.  Older versions may use Math.random() in certain circumstances, which is known to be problematic.  See https://v8.dev/blog/math-random for details.
775 timing reifyNode:node_modules/uuid Completed in 880ms
776 timing reifyNode:node_modules/har-schema Completed in 881ms
777 http fetch GET 200 https://registry.npmjs.org/performance-now/-/performance-now-2.1.0.tgz 968ms (cache miss)
778 http fetch GET 200 https://registry.npmjs.org/json-stringify-safe/-/json-stringify-safe-5.0.1.tgz 968ms (cache miss)
779 http fetch GET 200 https://registry.npmjs.org/oauth-sign/-/oauth-sign-0.9.0.tgz 970ms (cache miss)
780 timing reifyNode:node_modules/oauth-sign Completed in 1033ms
781 timing reifyNode:node_modules/json-stringify-safe Completed in 1033ms
782 http fetch GET 200 https://registry.npmjs.org/mime-types/-/mime-types-2.1.35.tgz 970ms (cache miss)
783 timing reifyNode:node_modules/mime-types Completed in 1034ms
784 http fetch GET 200 https://registry.npmjs.org/is-typedarray/-/is-typedarray-1.0.0.tgz 969ms (cache miss)
785 timing reifyNode:node_modules/is-typedarray Completed in 1034ms
786 http fetch GET 200 https://registry.npmjs.org/tunnel-agent/-/tunnel-agent-0.6.0.tgz 973ms (cache miss)
787 timing reifyNode:node_modules/tunnel-agent Completed in 1036ms
788 http fetch GET 200 https://registry.npmjs.org/tough-cookie/-/tough-cookie-2.5.0.tgz 973ms (cache miss)
789 timing reifyNode:node_modules/tough-cookie Completed in 1036ms
790 http fetch GET 200 https://registry.npmjs.org/isstream/-/isstream-0.1.2.tgz 970ms (cache miss)
791 timing reifyNode:node_modules/isstream Completed in 1035ms
792 timing reifyNode:node_modules/performance-now Completed in 1037ms
793 http fetch GET 200 https://registry.npmjs.org/qs/-/qs-6.5.3.tgz 980ms (cache miss)
794 timing reifyNode:node_modules/qs Completed in 1044ms
795 http fetch GET 200 https://registry.npmjs.org/har-validator/-/har-validator-5.1.5.tgz 979ms (cache miss)
796 warn deprecated har-validator@5.1.5: this library is no longer supported
797 timing reifyNode:node_modules/har-validator Completed in 1046ms
798 http fetch GET 200 https://registry.npmjs.org/http-signature/-/http-signature-1.2.0.tgz 1014ms (cache miss)
799 timing reifyNode:node_modules/http-signature Completed in 1081ms
800 http fetch GET 200 https://registry.npmjs.org/lodash/-/lodash-4.17.21.tgz 1059ms (cache miss)
801 timing reifyNode:node_modules/lodash Completed in 1109ms
802 http fetch GET 200 https://registry.npmjs.org/assert-plus/-/assert-plus-1.0.0.tgz 1066ms (cache miss)
803 timing reifyNode:node_modules/assert-plus Completed in 1134ms
804 http fetch GET 200 https://registry.npmjs.org/form-data/-/form-data-2.3.3.tgz 1110ms (cache miss)
805 timing reifyNode:node_modules/form-data Completed in 1178ms
806 http fetch GET 200 https://registry.npmjs.org/forever-agent/-/forever-agent-0.6.1.tgz 1137ms (cache miss)
807 timing reifyNode:node_modules/forever-agent Completed in 1206ms
808 http fetch GET 200 https://registry.npmjs.org/extend/-/extend-3.0.2.tgz 1140ms (cache miss)
809 timing reifyNode:node_modules/extend Completed in 1208ms
810 http fetch GET 200 https://registry.npmjs.org/combined-stream/-/combined-stream-1.0.8.tgz 1141ms (cache miss)
811 timing reifyNode:node_modules/combined-stream Completed in 1209ms
812 http fetch GET 200 https://registry.npmjs.org/aws-sign2/-/aws-sign2-0.7.0.tgz 1139ms (cache miss)
813 timing reifyNode:node_modules/aws-sign2 Completed in 1209ms
814 http fetch GET 200 https://registry.npmjs.org/aws4/-/aws4-1.12.0.tgz 1142ms (cache miss)
815 timing reifyNode:node_modules/aws4 Completed in 1212ms
816 http fetch GET 200 https://registry.npmjs.org/util-deprecate/-/util-deprecate-1.0.2.tgz 1141ms (cache miss)
817 timing reifyNode:node_modules/util-deprecate Completed in 1212ms
818 http fetch GET 200 https://registry.npmjs.org/inherits/-/inherits-2.0.4.tgz 1141ms (cache miss)
819 timing reifyNode:node_modules/inherits Completed in 1213ms
820 http fetch GET 200 https://registry.npmjs.org/caseless/-/caseless-0.12.0.tgz 1144ms (cache miss)
821 timing reifyNode:node_modules/caseless Completed in 1213ms
822 http fetch GET 200 https://registry.npmjs.org/process-nextick-args/-/process-nextick-args-2.0.1.tgz 1158ms (cache miss)
823 timing reifyNode:node_modules/process-nextick-args Completed in 1229ms
824 http fetch GET 200 https://registry.npmjs.org/set-function-name/-/set-function-name-2.0.1.tgz 1160ms (cache miss)
825 timing reifyNode:node_modules/set-function-name Completed in 1231ms
826 http fetch GET 200 https://registry.npmjs.org/isarray/-/isarray-1.0.0.tgz 1246ms (cache miss)
827 timing reifyNode:node_modules/isarray Completed in 1318ms
828 http fetch GET 200 https://registry.npmjs.org/wrappy/-/wrappy-1.0.2.tgz 1249ms (cache miss)
829 timing reifyNode:node_modules/wrappy Completed in 1328ms
830 http fetch GET 200 https://registry.npmjs.org/core-util-is/-/core-util-is-1.0.3.tgz 1266ms (cache miss)
831 timing reifyNode:node_modules/core-util-is Completed in 1344ms
832 http fetch GET 200 https://registry.npmjs.org/once/-/once-1.4.0.tgz 1297ms (cache miss)
833 timing reifyNode:node_modules/once Completed in 1377ms
834 http fetch GET 200 https://registry.npmjs.org/functions-have-names/-/functions-have-names-1.2.3.tgz 1302ms (cache miss)
835 timing reifyNode:node_modules/functions-have-names Completed in 1384ms
836 http fetch GET 200 https://registry.npmjs.org/string_decoder/-/string_decoder-1.1.1.tgz 1315ms (cache miss)
837 timing reifyNode:node_modules/string_decoder Completed in 1397ms
838 http fetch GET 200 https://registry.npmjs.org/side-channel/-/side-channel-1.0.4.tgz 1316ms (cache miss)
839 timing reifyNode:node_modules/side-channel Completed in 1398ms
840 http fetch GET 200 https://registry.npmjs.org/is-date-object/-/is-date-object-1.0.5.tgz 1315ms (cache miss)
841 timing reifyNode:node_modules/is-date-object Completed in 1398ms
842 http fetch GET 200 https://registry.npmjs.org/is-symbol/-/is-symbol-1.0.4.tgz 1317ms (cache miss)
843 timing reifyNode:node_modules/is-symbol Completed in 1399ms
844 http fetch GET 200 https://registry.npmjs.org/end-of-stream/-/end-of-stream-1.4.4.tgz 1339ms (cache miss)
845 timing reifyNode:node_modules/end-of-stream Completed in 1419ms
846 http fetch GET 200 https://registry.npmjs.org/typed-array-length/-/typed-array-length-1.0.4.tgz 1335ms (cache miss)
847 timing reifyNode:node_modules/typed-array-length Completed in 1420ms
848 http fetch GET 200 https://registry.npmjs.org/has-tostringtag/-/has-tostringtag-1.0.0.tgz 1337ms (cache miss)
849 timing reifyNode:node_modules/has-tostringtag Completed in 1420ms
850 http fetch GET 200 https://registry.npmjs.org/which-typed-array/-/which-typed-array-1.1.11.tgz 1399ms (cache miss)
851 timing reifyNode:node_modules/which-typed-array Completed in 1483ms
852 http fetch GET 200 https://registry.npmjs.org/typed-array-byte-offset/-/typed-array-byte-offset-1.0.0.tgz 1425ms (cache miss)
853 timing reifyNode:node_modules/typed-array-byte-offset Completed in 1510ms
854 http fetch GET 200 https://registry.npmjs.org/typed-array-byte-length/-/typed-array-byte-length-1.0.0.tgz 1430ms (cache miss)
855 timing reifyNode:node_modules/typed-array-byte-length Completed in 1516ms
856 http fetch GET 200 https://registry.npmjs.org/unbox-primitive/-/unbox-primitive-1.0.2.tgz 1470ms (cache miss)
857 timing reifyNode:node_modules/unbox-primitive Completed in 1556ms
858 http fetch GET 200 https://registry.npmjs.org/string.prototype.trimend/-/string.prototype.trimend-1.0.7.tgz 1499ms (cache miss)
859 http fetch GET 200 https://registry.npmjs.org/typed-array-buffer/-/typed-array-buffer-1.0.0.tgz 1503ms (cache miss)
860 timing reifyNode:node_modules/typed-array-buffer Completed in 1588ms
861 http fetch GET 200 https://registry.npmjs.org/string.prototype.trim/-/string.prototype.trim-1.2.8.tgz 1502ms (cache miss)
862 http fetch GET 200 https://registry.npmjs.org/safe-regex-test/-/safe-regex-test-1.0.0.tgz 1502ms (cache miss)
863 timing reifyNode:node_modules/safe-regex-test Completed in 1589ms
864 http fetch GET 200 https://registry.npmjs.org/string.prototype.trimstart/-/string.prototype.trimstart-1.0.7.tgz 1504ms (cache miss)
865 timing reifyNode:node_modules/string.prototype.trimend Completed in 1589ms
866 timing reifyNode:node_modules/string.prototype.trim Completed in 1590ms
867 timing reifyNode:node_modules/string.prototype.trimstart Completed in 1590ms
868 http fetch GET 200 https://registry.npmjs.org/safe-array-concat/-/safe-array-concat-1.0.1.tgz 1513ms (cache miss)
869 timing reifyNode:node_modules/safe-array-concat Completed in 1600ms
870 http fetch GET 200 https://registry.npmjs.org/regexp.prototype.flags/-/regexp.prototype.flags-1.5.1.tgz 1523ms (cache miss)
871 timing reifyNode:node_modules/regexp.prototype.flags Completed in 1612ms
872 http fetch GET 200 https://registry.npmjs.org/is-weakref/-/is-weakref-1.0.2.tgz 1529ms (cache miss)
873 timing reifyNode:node_modules/is-weakref Completed in 1618ms
874 http fetch GET 200 https://registry.npmjs.org/object.assign/-/object.assign-4.1.4.tgz 1652ms (cache miss)
875 timing reifyNode:node_modules/object.assign Completed in 1740ms
876 http fetch GET 200 https://registry.npmjs.org/is-shared-array-buffer/-/is-shared-array-buffer-1.0.2.tgz 1652ms (cache miss)
877 timing reifyNode:node_modules/is-shared-array-buffer Completed in 1742ms
878 http fetch GET 200 https://registry.npmjs.org/is-regex/-/is-regex-1.1.4.tgz 1690ms (cache miss)
879 timing reifyNode:node_modules/is-regex Completed in 1780ms
880 http fetch GET 200 https://registry.npmjs.org/is-string/-/is-string-1.0.7.tgz 1694ms (cache miss)
881 http fetch GET 200 https://registry.npmjs.org/is-typed-array/-/is-typed-array-1.1.12.tgz 1697ms (cache miss)
882 timing reifyNode:node_modules/is-string Completed in 1786ms
883 timing reifyNode:node_modules/is-typed-array Completed in 1787ms
884 http fetch GET 200 https://registry.npmjs.org/is-negative-zero/-/is-negative-zero-2.0.2.tgz 1697ms (cache miss)
885 http fetch GET 200 https://registry.npmjs.org/internal-slot/-/internal-slot-1.0.5.tgz 1695ms (cache miss)
886 timing reifyNode:node_modules/is-negative-zero Completed in 1788ms
887 http fetch GET 200 https://registry.npmjs.org/is-array-buffer/-/is-array-buffer-3.0.2.tgz 1697ms (cache miss)
888 timing reifyNode:node_modules/is-array-buffer Completed in 1789ms
889 timing reifyNode:node_modules/internal-slot Completed in 1789ms
890 http fetch GET 200 https://registry.npmjs.org/has-symbols/-/has-symbols-1.0.3.tgz 1698ms (cache miss)
891 timing reifyNode:node_modules/has-symbols Completed in 1792ms
892 http fetch GET 200 https://registry.npmjs.org/has-proto/-/has-proto-1.0.1.tgz 1693ms (cache miss)
893 timing reifyNode:node_modules/has-proto Completed in 1792ms
894 http fetch GET 200 https://registry.npmjs.org/object-inspect/-/object-inspect-1.12.3.tgz 1700ms (cache miss)
895 timing reifyNode:node_modules/object-inspect Completed in 1800ms
896 http fetch GET 200 https://registry.npmjs.org/globalthis/-/globalthis-1.0.3.tgz 1701ms (cache miss)
897 timing reifyNode:node_modules/globalthis Completed in 1803ms
898 http fetch GET 200 https://registry.npmjs.org/has/-/has-1.0.3.tgz 1755ms (cache miss)
899 timing reifyNode:node_modules/has Completed in 1857ms
900 http fetch GET 200 https://registry.npmjs.org/is-callable/-/is-callable-1.2.7.tgz 1829ms (cache miss)
901 timing reifyNode:node_modules/is-callable Completed in 1922ms
902 http fetch GET 200 https://registry.npmjs.org/get-symbol-description/-/get-symbol-description-1.0.0.tgz 1825ms (cache miss)
903 timing reifyNode:node_modules/get-symbol-description Completed in 1928ms
904 http fetch GET 200 https://registry.npmjs.org/function.prototype.name/-/function.prototype.name-1.1.6.tgz 1849ms (cache miss)
905 http fetch GET 200 https://registry.npmjs.org/es-set-tostringtag/-/es-set-tostringtag-2.0.1.tgz 1851ms (cache miss)
906 timing reifyNode:node_modules/es-set-tostringtag Completed in 1957ms
907 http fetch GET 200 https://registry.npmjs.org/es-to-primitive/-/es-to-primitive-1.2.1.tgz 1856ms (cache miss)
908 http fetch GET 200 https://registry.npmjs.org/array-buffer-byte-length/-/array-buffer-byte-length-1.0.0.tgz 1856ms (cache miss)
909 timing reifyNode:node_modules/array-buffer-byte-length Completed in 1963ms
910 http fetch GET 200 https://registry.npmjs.org/gopd/-/gopd-1.0.1.tgz 1859ms (cache miss)
911 timing reifyNode:node_modules/gopd Completed in 1967ms
912 http fetch GET 200 https://registry.npmjs.org/arraybuffer.prototype.slice/-/arraybuffer.prototype.slice-1.0.2.tgz 1861ms (cache miss)
913 timing reifyNode:node_modules/function.prototype.name Completed in 1968ms
914 timing reifyNode:node_modules/arraybuffer.prototype.slice Completed in 1970ms
915 timing reifyNode:node_modules/es-to-primitive Completed in 1971ms
916 http fetch GET 200 https://registry.npmjs.org/available-typed-arrays/-/available-typed-arrays-1.0.5.tgz 1863ms (cache miss)
917 timing reifyNode:node_modules/available-typed-arrays Completed in 1972ms
918 http fetch GET 200 https://registry.npmjs.org/object-keys/-/object-keys-1.1.1.tgz 1865ms (cache miss)
919 timing reifyNode:node_modules/object-keys Completed in 1975ms
920 http fetch GET 200 https://registry.npmjs.org/has-property-descriptors/-/has-property-descriptors-1.0.0.tgz 1893ms (cache miss)
921 timing reifyNode:node_modules/has-property-descriptors Completed in 2003ms
922 http fetch GET 200 https://registry.npmjs.org/define-data-property/-/define-data-property-1.1.0.tgz 1898ms (cache miss)
923 timing reifyNode:node_modules/define-data-property Completed in 2011ms
924 http fetch GET 200 https://registry.npmjs.org/ms/-/ms-2.1.3.tgz 1962ms (cache miss)
925 timing reifyNode:node_modules/ms Completed in 2074ms
926 http fetch GET 200 https://registry.npmjs.org/get-intrinsic/-/get-intrinsic-1.2.1.tgz 1971ms (cache miss)
927 timing reifyNode:node_modules/get-intrinsic Completed in 2084ms
928 http fetch GET 200 https://registry.npmjs.org/safe-buffer/-/safe-buffer-5.2.1.tgz 2028ms (cache miss)
929 timing reifyNode:node_modules/safe-buffer Completed in 2141ms
930 http fetch GET 200 https://registry.npmjs.org/define-properties/-/define-properties-1.2.1.tgz 2029ms (cache miss)
931 timing reifyNode:node_modules/define-properties Completed in 2146ms
932 http fetch GET 200 https://registry.npmjs.org/function-bind/-/function-bind-1.1.1.tgz 2037ms (cache miss)
933 http fetch GET 200 https://registry.npmjs.org/call-bind/-/call-bind-1.0.2.tgz 2033ms (cache miss)
934 timing reifyNode:node_modules/function-bind Completed in 2152ms
935 http fetch GET 200 https://registry.npmjs.org/es-shim-unscopables/-/es-shim-unscopables-1.0.0.tgz 2037ms (cache miss)
936 timing reifyNode:node_modules/es-shim-unscopables Completed in 2153ms
937 timing reifyNode:node_modules/call-bind Completed in 2153ms
938 http fetch GET 200 https://registry.npmjs.org/request-promise/-/request-promise-4.2.6.tgz 2038ms (cache miss)
939 warn deprecated request-promise@4.2.6: request-promise has been deprecated because it extends the now deprecated request package, see https://github.com/request/request/issues/3142
940 timing reifyNode:node_modules/request-promise Completed in 2156ms
941 http fetch GET 200 https://registry.npmjs.org/readable-stream/-/readable-stream-2.3.8.tgz 2053ms (cache miss)
942 http fetch GET 200 https://registry.npmjs.org/pump/-/pump-2.0.1.tgz 2049ms (cache miss)
943 timing reifyNode:node_modules/pump Completed in 2168ms
944 timing reifyNode:node_modules/readable-stream Completed in 2168ms
945 http fetch GET 200 https://registry.npmjs.org/request/-/request-2.88.2.tgz 2140ms (cache miss)
946 warn deprecated request@2.88.2: request has been deprecated, see https://github.com/request/request/issues/3142
947 timing reifyNode:node_modules/request Completed in 2258ms
948 http fetch GET 200 https://registry.npmjs.org/mime/-/mime-1.6.0.tgz 2172ms (cache miss)
949 timing reifyNode:node_modules/mime Completed in 2292ms
950 http fetch GET 200 https://registry.npmjs.org/file-type/-/file-type-3.9.0.tgz 2176ms (cache miss)
951 timing reifyNode:node_modules/file-type Completed in 2297ms
952 http fetch GET 200 https://registry.npmjs.org/debug/-/debug-3.2.7.tgz 2177ms (cache miss)
953 http fetch GET 200 https://registry.npmjs.org/eventemitter3/-/eventemitter3-3.1.2.tgz 2178ms (cache miss)
954 timing reifyNode:node_modules/eventemitter3 Completed in 2299ms
955 timing reifyNode:node_modules/debug Completed in 2300ms
956 http fetch GET 200 https://registry.npmjs.org/bl/-/bl-1.2.3.tgz 2188ms (cache miss)
957 timing reifyNode:node_modules/bl Completed in 2315ms
958 http fetch GET 200 https://registry.npmjs.org/core-util-is/-/core-util-is-1.0.2.tgz 2206ms (cache miss)
959 timing reifyNode:node_modules/verror/node_modules/core-util-is Completed in 2339ms
960 http fetch GET 200 https://registry.npmjs.org/safe-buffer/-/safe-buffer-5.1.2.tgz 2209ms (cache miss)
961 timing reifyNode:node_modules/string_decoder/node_modules/safe-buffer Completed in 2341ms
962 http fetch GET 200 https://registry.npmjs.org/isarray/-/isarray-2.0.5.tgz 2209ms (cache miss)
963 timing reifyNode:node_modules/safe-array-concat/node_modules/isarray Completed in 2341ms
964 http fetch GET 200 https://registry.npmjs.org/array.prototype.findindex/-/array.prototype.findindex-2.2.2.tgz 2212ms (cache miss)
965 timing reifyNode:node_modules/array.prototype.findindex Completed in 2341ms
966 http fetch GET 200 https://registry.npmjs.org/safe-buffer/-/safe-buffer-5.1.2.tgz 2209ms (cache miss)
967 timing reifyNode:node_modules/readable-stream/node_modules/safe-buffer Completed in 2341ms
968 http fetch GET 200 https://registry.npmjs.org/node-telegram-bot-api/-/node-telegram-bot-api-0.63.0.tgz 2331ms (cache miss)
969 timing reifyNode:node_modules/node-telegram-bot-api Completed in 2460ms
970 http fetch GET 200 https://registry.npmjs.org/es-abstract/-/es-abstract-1.22.1.tgz 2391ms (cache miss)
971 timing reifyNode:node_modules/es-abstract Completed in 2507ms
972 http fetch GET 200 https://registry.npmjs.org/ajv/-/ajv-6.12.6.tgz 2726ms (cache miss)
973 timing reifyNode:node_modules/ajv Completed in 2783ms
974 timing reify:unpack Completed in 2784ms
975 timing reify:unretire Completed in 0ms
976 timing build:queue Completed in 4ms
977 timing build:link:node_modules/mime Completed in 3ms
978 timing build:link:node_modules/sshpk Completed in 3ms
979 timing build:link:node_modules/uuid Completed in 3ms
980 timing build:link Completed in 3ms
981 timing build:deps Completed in 8ms
982 timing build Completed in 9ms
983 timing reify:build Completed in 9ms
984 timing reify:trash Completed in 0ms
985 timing reify:save Completed in 23ms
986 timing reify Completed in 13574ms
987 silly ADD node_modules/is-number-object
988 silly ADD node_modules/is-boolean-object
989 silly ADD node_modules/is-bigint
990 silly ADD node_modules/which-boxed-primitive
991 silly ADD node_modules/has-bigints
992 silly ADD node_modules/for-each
993 silly ADD node_modules/punycode
994 silly ADD node_modules/psl
995 silly ADD node_modules/tweetnacl
996 silly ADD node_modules/safer-buffer
997 silly ADD node_modules/jsbn
998 silly ADD node_modules/getpass
999 silly ADD node_modules/ecc-jsbn
1000 silly ADD node_modules/dashdash
1001 silly ADD node_modules/bcrypt-pbkdf
1002 silly ADD node_modules/asn1
1003 silly ADD node_modules/lodash
1004 silly ADD node_modules/stealthy-require
1005 silly ADD node_modules/request-promise-core
1006 silly ADD node_modules/bluebird
1007 silly ADD node_modules/mime-db
1008 silly ADD node_modules/verror
1009 silly ADD node_modules/verror/node_modules/core-util-is
1010 silly ADD node_modules/json-schema
1011 silly ADD node_modules/extsprintf
1012 silly ADD node_modules/sshpk
1013 silly ADD node_modules/jsprim
1014 silly ADD node_modules/assert-plus
1015 silly ADD node_modules/uri-js
1016 silly ADD node_modules/json-schema-traverse
1017 silly ADD node_modules/fast-json-stable-stringify
1018 silly ADD node_modules/fast-deep-equal
1019 silly ADD node_modules/har-schema
1020 silly ADD node_modules/ajv
1021 silly ADD node_modules/asynckit
1022 silly ADD node_modules/delayed-stream
1023 silly ADD node_modules/uuid
1024 silly ADD node_modules/tunnel-agent
1025 silly ADD node_modules/tough-cookie
1026 silly ADD node_modules/qs
1027 silly ADD node_modules/performance-now
1028 silly ADD node_modules/oauth-sign
1029 silly ADD node_modules/mime-types
1030 silly ADD node_modules/json-stringify-safe
1031 silly ADD node_modules/isstream
1032 silly ADD node_modules/is-typedarray
1033 silly ADD node_modules/http-signature
1034 silly ADD node_modules/har-validator
1035 silly ADD node_modules/form-data
1036 silly ADD node_modules/forever-agent
1037 silly ADD node_modules/extend
1038 silly ADD node_modules/combined-stream
1039 silly ADD node_modules/caseless
1040 silly ADD node_modules/aws4
1041 silly ADD node_modules/aws-sign2
1042 silly ADD node_modules/set-function-name
1043 silly ADD node_modules/util-deprecate
1044 silly ADD node_modules/string_decoder
1045 silly ADD node_modules/string_decoder/node_modules/safe-buffer
1046 silly ADD node_modules/process-nextick-args
1047 silly ADD node_modules/isarray
1048 silly ADD node_modules/inherits
1049 silly ADD node_modules/core-util-is
1050 silly ADD node_modules/wrappy
1051 silly ADD node_modules/once
1052 silly ADD node_modules/end-of-stream
1053 silly ADD node_modules/side-channel
1054 silly ADD node_modules/functions-have-names
1055 silly ADD node_modules/is-symbol
1056 silly ADD node_modules/is-date-object
1057 silly ADD node_modules/has-tostringtag
1058 silly ADD node_modules/which-typed-array
1059 silly ADD node_modules/unbox-primitive
1060 silly ADD node_modules/typed-array-length
1061 silly ADD node_modules/typed-array-byte-offset
1062 silly ADD node_modules/typed-array-byte-length
1063 silly ADD node_modules/typed-array-buffer
1064 silly ADD node_modules/string.prototype.trimstart
1065 silly ADD node_modules/string.prototype.trimend
1066 silly ADD node_modules/string.prototype.trim
1067 silly ADD node_modules/safe-regex-test
1068 silly ADD node_modules/safe-array-concat
1069 silly ADD node_modules/safe-array-concat/node_modules/isarray
1070 silly ADD node_modules/regexp.prototype.flags
1071 silly ADD node_modules/object.assign
1072 silly ADD node_modules/object-inspect
1073 silly ADD node_modules/is-weakref
1074 silly ADD node_modules/is-typed-array
1075 silly ADD node_modules/is-string
1076 silly ADD node_modules/is-shared-array-buffer
1077 silly ADD node_modules/is-regex
1078 silly ADD node_modules/is-negative-zero
1079 silly ADD node_modules/is-callable
1080 silly ADD node_modules/is-array-buffer
1081 silly ADD node_modules/internal-slot
1082 silly ADD node_modules/has-symbols
1083 silly ADD node_modules/has-proto
1084 silly ADD node_modules/has
1085 silly ADD node_modules/globalthis
1086 silly ADD node_modules/get-symbol-description
1087 silly ADD node_modules/function.prototype.name
1088 silly ADD node_modules/es-to-primitive
1089 silly ADD node_modules/es-set-tostringtag
1090 silly ADD node_modules/available-typed-arrays
1091 silly ADD node_modules/arraybuffer.prototype.slice
1092 silly ADD node_modules/array-buffer-byte-length
1093 silly ADD node_modules/gopd
1094 silly ADD node_modules/object-keys
1095 silly ADD node_modules/has-property-descriptors
1096 silly ADD node_modules/define-data-property
1097 silly ADD node_modules/ms
1098 silly ADD node_modules/get-intrinsic
1099 silly ADD node_modules/function-bind
1100 silly ADD node_modules/safe-buffer
1101 silly ADD node_modules/readable-stream
1102 silly ADD node_modules/readable-stream/node_modules/safe-buffer
1103 silly ADD node_modules/es-shim-unscopables
1104 silly ADD node_modules/es-abstract
1105 silly ADD node_modules/define-properties
1106 silly ADD node_modules/call-bind
1107 silly ADD node_modules/request-promise
1108 silly ADD node_modules/request
1109 silly ADD node_modules/pump
1110 silly ADD node_modules/mime
1111 silly ADD node_modules/file-type
1112 silly ADD node_modules/eventemitter3
1113 silly ADD node_modules/debug
1114 silly ADD node_modules/bl
1115 silly ADD node_modules/array.prototype.findindex
1116 silly ADD node_modules/node-telegram-bot-api
1117 timing command:install Completed in 13581ms
1118 notice
1118 notice New [31mmajor[39m version of npm available! [31m9.8.1[39m -> [32m10.1.0[39m
1118 notice Changelog: [36mhttps://github.com/npm/cli/releases/tag/v10.1.0[39m
1118 notice Run [32mnpm install -g npm@10.1.0[39m to update!
1118 notice
1119 verbose exit 0
1120 timing npm Completed in 13717ms
1121 info ok
